# Logfile created on 2014-01-06 19:29:50 +0200 by logger.rb/36483
I, [2014-01-06T19:29:50.111660 #33803]  INFO -- : 0:  rake (10.1.1) from /Users/mluukkai/.rbenv/versions/2.0.0-p247/lib/ruby/gems/2.0.0/specifications/rake-10.1.1.gemspec
I, [2014-01-06T19:29:50.112039 #33803]  INFO -- : 0:  i18n (0.6.9) from /Users/mluukkai/.rbenv/versions/2.0.0-p247/lib/ruby/gems/2.0.0/specifications/i18n-0.6.9.gemspec
I, [2014-01-06T19:29:50.112311 #33803]  INFO -- : 0:  minitest (4.7.5) from /Users/mluukkai/.rbenv/versions/2.0.0-p247/lib/ruby/gems/2.0.0/specifications/minitest-4.7.5.gemspec
I, [2014-01-06T19:29:50.112566 #33803]  INFO -- : 0:  multi_json (1.8.2) from /Users/mluukkai/.rbenv/versions/2.0.0-p247/lib/ruby/gems/2.0.0/specifications/multi_json-1.8.2.gemspec
I, [2014-01-06T19:29:50.112860 #33803]  INFO -- : 0:  atomic (1.1.14) from /Users/mluukkai/.rbenv/versions/2.0.0-p247/lib/ruby/gems/2.0.0/specifications/atomic-1.1.14.gemspec
I, [2014-01-06T19:29:50.113106 #33803]  INFO -- : 0:  thread_safe (0.1.3) from /Users/mluukkai/.rbenv/versions/2.0.0-p247/lib/ruby/gems/2.0.0/specifications/thread_safe-0.1.3.gemspec
I, [2014-01-06T19:29:50.113353 #33803]  INFO -- : 0:  tzinfo (0.3.38) from /Users/mluukkai/.rbenv/versions/2.0.0-p247/lib/ruby/gems/2.0.0/specifications/tzinfo-0.3.38.gemspec
I, [2014-01-06T19:29:50.113595 #33803]  INFO -- : 0:  activesupport (4.0.2) from /Users/mluukkai/.rbenv/versions/2.0.0-p247/lib/ruby/gems/2.0.0/specifications/activesupport-4.0.2.gemspec
I, [2014-01-06T19:29:50.113835 #33803]  INFO -- : 0:  builder (3.1.4) from /Users/mluukkai/.rbenv/versions/2.0.0-p247/lib/ruby/gems/2.0.0/specifications/builder-3.1.4.gemspec
I, [2014-01-06T19:29:50.114074 #33803]  INFO -- : 0:  erubis (2.7.0) from /Users/mluukkai/.rbenv/versions/2.0.0-p247/lib/ruby/gems/2.0.0/specifications/erubis-2.7.0.gemspec
I, [2014-01-06T19:29:50.114313 #33803]  INFO -- : 0:  rack (1.5.2) from /Users/mluukkai/.rbenv/versions/2.0.0-p247/lib/ruby/gems/2.0.0/specifications/rack-1.5.2.gemspec
I, [2014-01-06T19:29:50.114552 #33803]  INFO -- : 0:  rack-test (0.6.2) from /Users/mluukkai/.rbenv/versions/2.0.0-p247/lib/ruby/gems/2.0.0/specifications/rack-test-0.6.2.gemspec
I, [2014-01-06T19:29:50.114793 #33803]  INFO -- : 0:  actionpack (4.0.2) from /Users/mluukkai/.rbenv/versions/2.0.0-p247/lib/ruby/gems/2.0.0/specifications/actionpack-4.0.2.gemspec
I, [2014-01-06T19:29:50.115032 #33803]  INFO -- : 0:  mime-types (1.25.1) from /Users/mluukkai/.rbenv/versions/2.0.0-p247/lib/ruby/gems/2.0.0/specifications/mime-types-1.25.1.gemspec
I, [2014-01-06T19:29:50.115271 #33803]  INFO -- : 0:  polyglot (0.3.3) from /Users/mluukkai/.rbenv/versions/2.0.0-p247/lib/ruby/gems/2.0.0/specifications/polyglot-0.3.3.gemspec
I, [2014-01-06T19:29:50.115508 #33803]  INFO -- : 0:  treetop (1.4.15) from /Users/mluukkai/.rbenv/versions/2.0.0-p247/lib/ruby/gems/2.0.0/specifications/treetop-1.4.15.gemspec
I, [2014-01-06T19:29:50.115744 #33803]  INFO -- : 0:  mail (2.5.4) from /Users/mluukkai/.rbenv/versions/2.0.0-p247/lib/ruby/gems/2.0.0/specifications/mail-2.5.4.gemspec
I, [2014-01-06T19:29:50.115985 #33803]  INFO -- : 0:  actionmailer (4.0.2) from /Users/mluukkai/.rbenv/versions/2.0.0-p247/lib/ruby/gems/2.0.0/specifications/actionmailer-4.0.2.gemspec
I, [2014-01-06T19:29:50.116222 #33803]  INFO -- : 0:  activemodel (4.0.2) from /Users/mluukkai/.rbenv/versions/2.0.0-p247/lib/ruby/gems/2.0.0/specifications/activemodel-4.0.2.gemspec
I, [2014-01-06T19:29:50.116463 #33803]  INFO -- : 0:  activerecord-deprecated_finders (1.0.3) from /Users/mluukkai/.rbenv/versions/2.0.0-p247/lib/ruby/gems/2.0.0/specifications/activerecord-deprecated_finders-1.0.3.gemspec
I, [2014-01-06T19:29:50.116699 #33803]  INFO -- : 0:  arel (4.0.1) from /Users/mluukkai/.rbenv/versions/2.0.0-p247/lib/ruby/gems/2.0.0/specifications/arel-4.0.1.gemspec
I, [2014-01-06T19:29:50.116939 #33803]  INFO -- : 0:  activerecord (4.0.2) from /Users/mluukkai/.rbenv/versions/2.0.0-p247/lib/ruby/gems/2.0.0/specifications/activerecord-4.0.2.gemspec
I, [2014-01-06T19:29:50.117151 #33803]  INFO -- : 0:  bundler (1.5.1) from /Users/mluukkai/.rbenv/versions/2.0.0-p247/lib/ruby/gems/2.0.0/specifications/bundler-1.5.1.gemspec
I, [2014-01-06T19:29:50.117399 #33803]  INFO -- : 0:  coffee-script-source (1.6.3) from /Users/mluukkai/.rbenv/versions/2.0.0-p247/lib/ruby/gems/2.0.0/specifications/coffee-script-source-1.6.3.gemspec
I, [2014-01-06T19:29:50.117632 #33803]  INFO -- : 0:  execjs (2.0.2) from /Users/mluukkai/.rbenv/versions/2.0.0-p247/lib/ruby/gems/2.0.0/specifications/execjs-2.0.2.gemspec
I, [2014-01-06T19:29:50.117870 #33803]  INFO -- : 0:  coffee-script (2.2.0) from /Users/mluukkai/.rbenv/versions/2.0.0-p247/lib/ruby/gems/2.0.0/specifications/coffee-script-2.2.0.gemspec
I, [2014-01-06T19:29:50.118105 #33803]  INFO -- : 0:  thor (0.18.1) from /Users/mluukkai/.rbenv/versions/2.0.0-p247/lib/ruby/gems/2.0.0/specifications/thor-0.18.1.gemspec
I, [2014-01-06T19:29:50.118341 #33803]  INFO -- : 0:  railties (4.0.2) from /Users/mluukkai/.rbenv/versions/2.0.0-p247/lib/ruby/gems/2.0.0/specifications/railties-4.0.2.gemspec
I, [2014-01-06T19:29:50.118578 #33803]  INFO -- : 0:  coffee-rails (4.0.1) from /Users/mluukkai/.rbenv/versions/2.0.0-p247/lib/ruby/gems/2.0.0/specifications/coffee-rails-4.0.1.gemspec
I, [2014-01-06T19:29:50.118820 #33803]  INFO -- : 0:  hike (1.2.3) from /Users/mluukkai/.rbenv/versions/2.0.0-p247/lib/ruby/gems/2.0.0/specifications/hike-1.2.3.gemspec
I, [2014-01-06T19:29:50.119058 #33803]  INFO -- : 0:  jbuilder (1.5.3) from /Users/mluukkai/.rbenv/versions/2.0.0-p247/lib/ruby/gems/2.0.0/specifications/jbuilder-1.5.3.gemspec
I, [2014-01-06T19:29:50.119294 #33803]  INFO -- : 0:  jquery-rails (3.0.4) from /Users/mluukkai/.rbenv/versions/2.0.0-p247/lib/ruby/gems/2.0.0/specifications/jquery-rails-3.0.4.gemspec
I, [2014-01-06T19:29:50.119536 #33803]  INFO -- : 0:  json (1.8.1) from /Users/mluukkai/.rbenv/versions/2.0.0-p247/lib/ruby/gems/2.0.0/specifications/json-1.8.1.gemspec
I, [2014-01-06T19:29:50.119774 #33803]  INFO -- : 0:  tilt (1.4.1) from /Users/mluukkai/.rbenv/versions/2.0.0-p247/lib/ruby/gems/2.0.0/specifications/tilt-1.4.1.gemspec
I, [2014-01-06T19:29:50.120014 #33803]  INFO -- : 0:  sprockets (2.10.1) from /Users/mluukkai/.rbenv/versions/2.0.0-p247/lib/ruby/gems/2.0.0/specifications/sprockets-2.10.1.gemspec
I, [2014-01-06T19:29:50.120251 #33803]  INFO -- : 0:  sprockets-rails (2.0.1) from /Users/mluukkai/.rbenv/versions/2.0.0-p247/lib/ruby/gems/2.0.0/specifications/sprockets-rails-2.0.1.gemspec
I, [2014-01-06T19:29:50.120485 #33803]  INFO -- : 0:  rails (4.0.2) from /Users/mluukkai/.rbenv/versions/2.0.0-p247/lib/ruby/gems/2.0.0/specifications/rails-4.0.2.gemspec
I, [2014-01-06T19:29:50.120724 #33803]  INFO -- : 0:  rdoc (3.12.2) from /Users/mluukkai/.rbenv/versions/2.0.0-p247/lib/ruby/gems/2.0.0/specifications/rdoc-3.12.2.gemspec
I, [2014-01-06T19:29:50.120965 #33803]  INFO -- : 0:  sass (3.2.13) from /Users/mluukkai/.rbenv/versions/2.0.0-p247/lib/ruby/gems/2.0.0/specifications/sass-3.2.13.gemspec
I, [2014-01-06T19:29:50.121204 #33803]  INFO -- : 0:  sass-rails (4.0.1) from /Users/mluukkai/.rbenv/versions/2.0.0-p247/lib/ruby/gems/2.0.0/specifications/sass-rails-4.0.1.gemspec
I, [2014-01-06T19:29:50.121438 #33803]  INFO -- : 0:  sdoc (0.3.20) from /Users/mluukkai/.rbenv/versions/2.0.0-p247/lib/ruby/gems/2.0.0/specifications/sdoc-0.3.20.gemspec
I, [2014-01-06T19:29:50.121675 #33803]  INFO -- : 0:  sqlite3 (1.3.8) from /Users/mluukkai/.rbenv/versions/2.0.0-p247/lib/ruby/gems/2.0.0/specifications/sqlite3-1.3.8.gemspec
I, [2014-01-06T19:29:50.121913 #33803]  INFO -- : 0:  turbolinks (2.1.0) from /Users/mluukkai/.rbenv/versions/2.0.0-p247/lib/ruby/gems/2.0.0/specifications/turbolinks-2.1.0.gemspec
I, [2014-01-06T19:29:50.122153 #33803]  INFO -- : 0:  uglifier (2.4.0) from /Users/mluukkai/.rbenv/versions/2.0.0-p247/lib/ruby/gems/2.0.0/specifications/uglifier-2.4.0.gemspec
I, [2014-01-08T16:23:09.652216 #58372]  INFO -- : 0:  rake (10.1.1) from /Users/mluukkai/.rbenv/versions/2.0.0-p247/lib/ruby/gems/2.0.0/specifications/rake-10.1.1.gemspec
I, [2014-01-08T16:23:09.653012 #58372]  INFO -- : 0:  i18n (0.6.9) from /Users/mluukkai/.rbenv/versions/2.0.0-p247/lib/ruby/gems/2.0.0/specifications/i18n-0.6.9.gemspec
I, [2014-01-08T16:23:09.653322 #58372]  INFO -- : 0:  minitest (4.7.5) from /Users/mluukkai/.rbenv/versions/2.0.0-p247/lib/ruby/gems/2.0.0/specifications/minitest-4.7.5.gemspec
I, [2014-01-08T16:23:09.653648 #58372]  INFO -- : 0:  multi_json (1.8.2) from /Users/mluukkai/.rbenv/versions/2.0.0-p247/lib/ruby/gems/2.0.0/specifications/multi_json-1.8.2.gemspec
I, [2014-01-08T16:23:09.653929 #58372]  INFO -- : 0:  atomic (1.1.14) from /Users/mluukkai/.rbenv/versions/2.0.0-p247/lib/ruby/gems/2.0.0/specifications/atomic-1.1.14.gemspec
I, [2014-01-08T16:23:09.654190 #58372]  INFO -- : 0:  thread_safe (0.1.3) from /Users/mluukkai/.rbenv/versions/2.0.0-p247/lib/ruby/gems/2.0.0/specifications/thread_safe-0.1.3.gemspec
I, [2014-01-08T16:23:09.654446 #58372]  INFO -- : 0:  tzinfo (0.3.38) from /Users/mluukkai/.rbenv/versions/2.0.0-p247/lib/ruby/gems/2.0.0/specifications/tzinfo-0.3.38.gemspec
I, [2014-01-08T16:23:09.654703 #58372]  INFO -- : 0:  activesupport (4.0.2) from /Users/mluukkai/.rbenv/versions/2.0.0-p247/lib/ruby/gems/2.0.0/specifications/activesupport-4.0.2.gemspec
I, [2014-01-08T16:23:09.654956 #58372]  INFO -- : 0:  builder (3.1.4) from /Users/mluukkai/.rbenv/versions/2.0.0-p247/lib/ruby/gems/2.0.0/specifications/builder-3.1.4.gemspec
I, [2014-01-08T16:23:09.655206 #58372]  INFO -- : 0:  erubis (2.7.0) from /Users/mluukkai/.rbenv/versions/2.0.0-p247/lib/ruby/gems/2.0.0/specifications/erubis-2.7.0.gemspec
I, [2014-01-08T16:23:09.655468 #58372]  INFO -- : 0:  rack (1.5.2) from /Users/mluukkai/.rbenv/versions/2.0.0-p247/lib/ruby/gems/2.0.0/specifications/rack-1.5.2.gemspec
I, [2014-01-08T16:23:09.655719 #58372]  INFO -- : 0:  rack-test (0.6.2) from /Users/mluukkai/.rbenv/versions/2.0.0-p247/lib/ruby/gems/2.0.0/specifications/rack-test-0.6.2.gemspec
I, [2014-01-08T16:23:09.655982 #58372]  INFO -- : 0:  actionpack (4.0.2) from /Users/mluukkai/.rbenv/versions/2.0.0-p247/lib/ruby/gems/2.0.0/specifications/actionpack-4.0.2.gemspec
I, [2014-01-08T16:23:09.656232 #58372]  INFO -- : 0:  mime-types (1.25.1) from /Users/mluukkai/.rbenv/versions/2.0.0-p247/lib/ruby/gems/2.0.0/specifications/mime-types-1.25.1.gemspec
I, [2014-01-08T16:23:09.656501 #58372]  INFO -- : 0:  polyglot (0.3.3) from /Users/mluukkai/.rbenv/versions/2.0.0-p247/lib/ruby/gems/2.0.0/specifications/polyglot-0.3.3.gemspec
I, [2014-01-08T16:23:09.656748 #58372]  INFO -- : 0:  treetop (1.4.15) from /Users/mluukkai/.rbenv/versions/2.0.0-p247/lib/ruby/gems/2.0.0/specifications/treetop-1.4.15.gemspec
I, [2014-01-08T16:23:09.657005 #58372]  INFO -- : 0:  mail (2.5.4) from /Users/mluukkai/.rbenv/versions/2.0.0-p247/lib/ruby/gems/2.0.0/specifications/mail-2.5.4.gemspec
I, [2014-01-08T16:23:09.657257 #58372]  INFO -- : 0:  actionmailer (4.0.2) from /Users/mluukkai/.rbenv/versions/2.0.0-p247/lib/ruby/gems/2.0.0/specifications/actionmailer-4.0.2.gemspec
I, [2014-01-08T16:23:09.657518 #58372]  INFO -- : 0:  activemodel (4.0.2) from /Users/mluukkai/.rbenv/versions/2.0.0-p247/lib/ruby/gems/2.0.0/specifications/activemodel-4.0.2.gemspec
I, [2014-01-08T16:23:09.657769 #58372]  INFO -- : 0:  activerecord-deprecated_finders (1.0.3) from /Users/mluukkai/.rbenv/versions/2.0.0-p247/lib/ruby/gems/2.0.0/specifications/activerecord-deprecated_finders-1.0.3.gemspec
I, [2014-01-08T16:23:09.658016 #58372]  INFO -- : 0:  arel (4.0.1) from /Users/mluukkai/.rbenv/versions/2.0.0-p247/lib/ruby/gems/2.0.0/specifications/arel-4.0.1.gemspec
I, [2014-01-08T16:23:09.658280 #58372]  INFO -- : 0:  activerecord (4.0.2) from /Users/mluukkai/.rbenv/versions/2.0.0-p247/lib/ruby/gems/2.0.0/specifications/activerecord-4.0.2.gemspec
I, [2014-01-08T16:23:09.658541 #58372]  INFO -- : 0:  coffee-script-source (1.6.3) from /Users/mluukkai/.rbenv/versions/2.0.0-p247/lib/ruby/gems/2.0.0/specifications/coffee-script-source-1.6.3.gemspec
I, [2014-01-08T16:23:09.658802 #58372]  INFO -- : 0:  execjs (2.0.2) from /Users/mluukkai/.rbenv/versions/2.0.0-p247/lib/ruby/gems/2.0.0/specifications/execjs-2.0.2.gemspec
I, [2014-01-08T16:23:09.659060 #58372]  INFO -- : 0:  coffee-script (2.2.0) from /Users/mluukkai/.rbenv/versions/2.0.0-p247/lib/ruby/gems/2.0.0/specifications/coffee-script-2.2.0.gemspec
I, [2014-01-08T16:23:09.659331 #58372]  INFO -- : 0:  thor (0.18.1) from /Users/mluukkai/.rbenv/versions/2.0.0-p247/lib/ruby/gems/2.0.0/specifications/thor-0.18.1.gemspec
I, [2014-01-08T16:23:09.659586 #58372]  INFO -- : 0:  railties (4.0.2) from /Users/mluukkai/.rbenv/versions/2.0.0-p247/lib/ruby/gems/2.0.0/specifications/railties-4.0.2.gemspec
I, [2014-01-08T16:23:09.659843 #58372]  INFO -- : 0:  coffee-rails (4.0.1) from /Users/mluukkai/.rbenv/versions/2.0.0-p247/lib/ruby/gems/2.0.0/specifications/coffee-rails-4.0.1.gemspec
I, [2014-01-08T16:23:09.660108 #58372]  INFO -- : 0:  hike (1.2.3) from /Users/mluukkai/.rbenv/versions/2.0.0-p247/lib/ruby/gems/2.0.0/specifications/hike-1.2.3.gemspec
I, [2014-01-08T16:23:09.660357 #58372]  INFO -- : 0:  jbuilder (1.5.3) from /Users/mluukkai/.rbenv/versions/2.0.0-p247/lib/ruby/gems/2.0.0/specifications/jbuilder-1.5.3.gemspec
I, [2014-01-08T16:23:09.660713 #58372]  INFO -- : 0:  jquery-rails (3.0.4) from /Users/mluukkai/.rbenv/versions/2.0.0-p247/lib/ruby/gems/2.0.0/specifications/jquery-rails-3.0.4.gemspec
I, [2014-01-08T16:23:09.660981 #58372]  INFO -- : 0:  json (1.8.1) from /Users/mluukkai/.rbenv/versions/2.0.0-p247/lib/ruby/gems/2.0.0/specifications/json-1.8.1.gemspec
I, [2014-01-08T16:23:09.661209 #58372]  INFO -- : 0:  bundler (1.5.1) from /Users/mluukkai/.rbenv/versions/2.0.0-p247/lib/ruby/gems/2.0.0/specifications/bundler-1.5.1.gemspec
I, [2014-01-08T16:23:09.661479 #58372]  INFO -- : 0:  tilt (1.4.1) from /Users/mluukkai/.rbenv/versions/2.0.0-p247/lib/ruby/gems/2.0.0/specifications/tilt-1.4.1.gemspec
I, [2014-01-08T16:23:09.661728 #58372]  INFO -- : 0:  sprockets (2.10.1) from /Users/mluukkai/.rbenv/versions/2.0.0-p247/lib/ruby/gems/2.0.0/specifications/sprockets-2.10.1.gemspec
I, [2014-01-08T16:23:09.661991 #58372]  INFO -- : 0:  sprockets-rails (2.0.1) from /Users/mluukkai/.rbenv/versions/2.0.0-p247/lib/ruby/gems/2.0.0/specifications/sprockets-rails-2.0.1.gemspec
I, [2014-01-08T16:23:09.662256 #58372]  INFO -- : 0:  rails (4.0.2) from /Users/mluukkai/.rbenv/versions/2.0.0-p247/lib/ruby/gems/2.0.0/specifications/rails-4.0.2.gemspec
I, [2014-01-08T16:23:09.662508 #58372]  INFO -- : 0:  rdoc (3.12.2) from /Users/mluukkai/.rbenv/versions/2.0.0-p247/lib/ruby/gems/2.0.0/specifications/rdoc-3.12.2.gemspec
I, [2014-01-08T16:23:09.662779 #58372]  INFO -- : 0:  sass (3.2.13) from /Users/mluukkai/.rbenv/versions/2.0.0-p247/lib/ruby/gems/2.0.0/specifications/sass-3.2.13.gemspec
I, [2014-01-08T16:23:09.663082 #58372]  INFO -- : 0:  sass-rails (4.0.1) from /Users/mluukkai/.rbenv/versions/2.0.0-p247/lib/ruby/gems/2.0.0/specifications/sass-rails-4.0.1.gemspec
I, [2014-01-08T16:23:09.663338 #58372]  INFO -- : 0:  sdoc (0.3.20) from /Users/mluukkai/.rbenv/versions/2.0.0-p247/lib/ruby/gems/2.0.0/specifications/sdoc-0.3.20.gemspec
I, [2014-01-08T16:23:09.663601 #58372]  INFO -- : 0:  sqlite3 (1.3.8) from /Users/mluukkai/.rbenv/versions/2.0.0-p247/lib/ruby/gems/2.0.0/specifications/sqlite3-1.3.8.gemspec
I, [2014-01-08T16:23:09.663845 #58372]  INFO -- : 0:  turbolinks (2.1.0) from /Users/mluukkai/.rbenv/versions/2.0.0-p247/lib/ruby/gems/2.0.0/specifications/turbolinks-2.1.0.gemspec
I, [2014-01-08T16:23:09.664106 #58372]  INFO -- : 0:  uglifier (2.4.0) from /Users/mluukkai/.rbenv/versions/2.0.0-p247/lib/ruby/gems/2.0.0/specifications/uglifier-2.4.0.gemspec
I, [2014-01-08T16:23:32.359997 #58394]  INFO -- : 0:  rake (10.1.1) from /Users/mluukkai/.rbenv/versions/2.0.0-p247/lib/ruby/gems/2.0.0/specifications/rake-10.1.1.gemspec
I, [2014-01-08T16:23:32.360370 #58394]  INFO -- : 0:  i18n (0.6.9) from /Users/mluukkai/.rbenv/versions/2.0.0-p247/lib/ruby/gems/2.0.0/specifications/i18n-0.6.9.gemspec
I, [2014-01-08T16:23:32.360649 #58394]  INFO -- : 0:  minitest (4.7.5) from /Users/mluukkai/.rbenv/versions/2.0.0-p247/lib/ruby/gems/2.0.0/specifications/minitest-4.7.5.gemspec
I, [2014-01-08T16:23:32.360909 #58394]  INFO -- : 0:  multi_json (1.8.2) from /Users/mluukkai/.rbenv/versions/2.0.0-p247/lib/ruby/gems/2.0.0/specifications/multi_json-1.8.2.gemspec
I, [2014-01-08T16:23:32.361167 #58394]  INFO -- : 0:  atomic (1.1.14) from /Users/mluukkai/.rbenv/versions/2.0.0-p247/lib/ruby/gems/2.0.0/specifications/atomic-1.1.14.gemspec
I, [2014-01-08T16:23:32.361408 #58394]  INFO -- : 0:  thread_safe (0.1.3) from /Users/mluukkai/.rbenv/versions/2.0.0-p247/lib/ruby/gems/2.0.0/specifications/thread_safe-0.1.3.gemspec
I, [2014-01-08T16:23:32.361708 #58394]  INFO -- : 0:  tzinfo (0.3.38) from /Users/mluukkai/.rbenv/versions/2.0.0-p247/lib/ruby/gems/2.0.0/specifications/tzinfo-0.3.38.gemspec
I, [2014-01-08T16:23:32.361960 #58394]  INFO -- : 0:  activesupport (4.0.2) from /Users/mluukkai/.rbenv/versions/2.0.0-p247/lib/ruby/gems/2.0.0/specifications/activesupport-4.0.2.gemspec
I, [2014-01-08T16:23:32.362191 #58394]  INFO -- : 0:  builder (3.1.4) from /Users/mluukkai/.rbenv/versions/2.0.0-p247/lib/ruby/gems/2.0.0/specifications/builder-3.1.4.gemspec
I, [2014-01-08T16:23:32.362420 #58394]  INFO -- : 0:  erubis (2.7.0) from /Users/mluukkai/.rbenv/versions/2.0.0-p247/lib/ruby/gems/2.0.0/specifications/erubis-2.7.0.gemspec
I, [2014-01-08T16:23:32.362660 #58394]  INFO -- : 0:  rack (1.5.2) from /Users/mluukkai/.rbenv/versions/2.0.0-p247/lib/ruby/gems/2.0.0/specifications/rack-1.5.2.gemspec
I, [2014-01-08T16:23:32.362889 #58394]  INFO -- : 0:  rack-test (0.6.2) from /Users/mluukkai/.rbenv/versions/2.0.0-p247/lib/ruby/gems/2.0.0/specifications/rack-test-0.6.2.gemspec
I, [2014-01-08T16:23:32.363118 #58394]  INFO -- : 0:  actionpack (4.0.2) from /Users/mluukkai/.rbenv/versions/2.0.0-p247/lib/ruby/gems/2.0.0/specifications/actionpack-4.0.2.gemspec
I, [2014-01-08T16:23:32.363353 #58394]  INFO -- : 0:  mime-types (1.25.1) from /Users/mluukkai/.rbenv/versions/2.0.0-p247/lib/ruby/gems/2.0.0/specifications/mime-types-1.25.1.gemspec
I, [2014-01-08T16:23:32.363579 #58394]  INFO -- : 0:  polyglot (0.3.3) from /Users/mluukkai/.rbenv/versions/2.0.0-p247/lib/ruby/gems/2.0.0/specifications/polyglot-0.3.3.gemspec
I, [2014-01-08T16:23:32.363865 #58394]  INFO -- : 0:  treetop (1.4.15) from /Users/mluukkai/.rbenv/versions/2.0.0-p247/lib/ruby/gems/2.0.0/specifications/treetop-1.4.15.gemspec
I, [2014-01-08T16:23:32.364104 #58394]  INFO -- : 0:  mail (2.5.4) from /Users/mluukkai/.rbenv/versions/2.0.0-p247/lib/ruby/gems/2.0.0/specifications/mail-2.5.4.gemspec
I, [2014-01-08T16:23:32.364330 #58394]  INFO -- : 0:  actionmailer (4.0.2) from /Users/mluukkai/.rbenv/versions/2.0.0-p247/lib/ruby/gems/2.0.0/specifications/actionmailer-4.0.2.gemspec
I, [2014-01-08T16:23:32.364555 #58394]  INFO -- : 0:  activemodel (4.0.2) from /Users/mluukkai/.rbenv/versions/2.0.0-p247/lib/ruby/gems/2.0.0/specifications/activemodel-4.0.2.gemspec
I, [2014-01-08T16:23:32.364792 #58394]  INFO -- : 0:  activerecord-deprecated_finders (1.0.3) from /Users/mluukkai/.rbenv/versions/2.0.0-p247/lib/ruby/gems/2.0.0/specifications/activerecord-deprecated_finders-1.0.3.gemspec
I, [2014-01-08T16:23:32.365015 #58394]  INFO -- : 0:  arel (4.0.1) from /Users/mluukkai/.rbenv/versions/2.0.0-p247/lib/ruby/gems/2.0.0/specifications/arel-4.0.1.gemspec
I, [2014-01-08T16:23:32.365239 #58394]  INFO -- : 0:  activerecord (4.0.2) from /Users/mluukkai/.rbenv/versions/2.0.0-p247/lib/ruby/gems/2.0.0/specifications/activerecord-4.0.2.gemspec
I, [2014-01-08T16:23:32.365454 #58394]  INFO -- : 0:  bundler (1.5.1) from /Users/mluukkai/.rbenv/versions/2.0.0-p247/lib/ruby/gems/2.0.0/specifications/bundler-1.5.1.gemspec
I, [2014-01-08T16:23:32.365689 #58394]  INFO -- : 0:  coffee-script-source (1.6.3) from /Users/mluukkai/.rbenv/versions/2.0.0-p247/lib/ruby/gems/2.0.0/specifications/coffee-script-source-1.6.3.gemspec
I, [2014-01-08T16:23:32.365918 #58394]  INFO -- : 0:  execjs (2.0.2) from /Users/mluukkai/.rbenv/versions/2.0.0-p247/lib/ruby/gems/2.0.0/specifications/execjs-2.0.2.gemspec
I, [2014-01-08T16:23:32.366142 #58394]  INFO -- : 0:  coffee-script (2.2.0) from /Users/mluukkai/.rbenv/versions/2.0.0-p247/lib/ruby/gems/2.0.0/specifications/coffee-script-2.2.0.gemspec
I, [2014-01-08T16:23:32.366378 #58394]  INFO -- : 0:  thor (0.18.1) from /Users/mluukkai/.rbenv/versions/2.0.0-p247/lib/ruby/gems/2.0.0/specifications/thor-0.18.1.gemspec
I, [2014-01-08T16:23:32.366623 #58394]  INFO -- : 0:  railties (4.0.2) from /Users/mluukkai/.rbenv/versions/2.0.0-p247/lib/ruby/gems/2.0.0/specifications/railties-4.0.2.gemspec
I, [2014-01-08T16:23:32.366848 #58394]  INFO -- : 0:  coffee-rails (4.0.1) from /Users/mluukkai/.rbenv/versions/2.0.0-p247/lib/ruby/gems/2.0.0/specifications/coffee-rails-4.0.1.gemspec
I, [2014-01-08T16:23:32.367081 #58394]  INFO -- : 0:  hike (1.2.3) from /Users/mluukkai/.rbenv/versions/2.0.0-p247/lib/ruby/gems/2.0.0/specifications/hike-1.2.3.gemspec
I, [2014-01-08T16:23:32.367311 #58394]  INFO -- : 0:  jbuilder (1.5.3) from /Users/mluukkai/.rbenv/versions/2.0.0-p247/lib/ruby/gems/2.0.0/specifications/jbuilder-1.5.3.gemspec
I, [2014-01-08T16:23:32.367537 #58394]  INFO -- : 0:  jquery-rails (3.0.4) from /Users/mluukkai/.rbenv/versions/2.0.0-p247/lib/ruby/gems/2.0.0/specifications/jquery-rails-3.0.4.gemspec
I, [2014-01-08T16:23:32.367775 #58394]  INFO -- : 0:  json (1.8.1) from /Users/mluukkai/.rbenv/versions/2.0.0-p247/lib/ruby/gems/2.0.0/specifications/json-1.8.1.gemspec
I, [2014-01-08T16:23:32.368002 #58394]  INFO -- : 0:  tilt (1.4.1) from /Users/mluukkai/.rbenv/versions/2.0.0-p247/lib/ruby/gems/2.0.0/specifications/tilt-1.4.1.gemspec
I, [2014-01-08T16:23:32.368234 #58394]  INFO -- : 0:  sprockets (2.10.1) from /Users/mluukkai/.rbenv/versions/2.0.0-p247/lib/ruby/gems/2.0.0/specifications/sprockets-2.10.1.gemspec
I, [2014-01-08T16:23:32.368460 #58394]  INFO -- : 0:  sprockets-rails (2.0.1) from /Users/mluukkai/.rbenv/versions/2.0.0-p247/lib/ruby/gems/2.0.0/specifications/sprockets-rails-2.0.1.gemspec
I, [2014-01-08T16:23:32.368705 #58394]  INFO -- : 0:  rails (4.0.2) from /Users/mluukkai/.rbenv/versions/2.0.0-p247/lib/ruby/gems/2.0.0/specifications/rails-4.0.2.gemspec
I, [2014-01-08T16:23:32.368939 #58394]  INFO -- : 0:  rdoc (3.12.2) from /Users/mluukkai/.rbenv/versions/2.0.0-p247/lib/ruby/gems/2.0.0/specifications/rdoc-3.12.2.gemspec
I, [2014-01-08T16:23:32.369165 #58394]  INFO -- : 0:  sass (3.2.13) from /Users/mluukkai/.rbenv/versions/2.0.0-p247/lib/ruby/gems/2.0.0/specifications/sass-3.2.13.gemspec
I, [2014-01-08T16:23:32.369404 #58394]  INFO -- : 0:  sass-rails (4.0.1) from /Users/mluukkai/.rbenv/versions/2.0.0-p247/lib/ruby/gems/2.0.0/specifications/sass-rails-4.0.1.gemspec
I, [2014-01-08T16:23:32.369633 #58394]  INFO -- : 0:  sdoc (0.3.20) from /Users/mluukkai/.rbenv/versions/2.0.0-p247/lib/ruby/gems/2.0.0/specifications/sdoc-0.3.20.gemspec
I, [2014-01-08T16:23:32.369862 #58394]  INFO -- : 0:  sqlite3 (1.3.8) from /Users/mluukkai/.rbenv/versions/2.0.0-p247/lib/ruby/gems/2.0.0/specifications/sqlite3-1.3.8.gemspec
I, [2014-01-08T16:23:32.370092 #58394]  INFO -- : 0:  turbolinks (2.1.0) from /Users/mluukkai/.rbenv/versions/2.0.0-p247/lib/ruby/gems/2.0.0/specifications/turbolinks-2.1.0.gemspec
I, [2014-01-08T16:23:32.370344 #58394]  INFO -- : 0:  uglifier (2.4.0) from /Users/mluukkai/.rbenv/versions/2.0.0-p247/lib/ruby/gems/2.0.0/specifications/uglifier-2.4.0.gemspec
I, [2014-01-16T15:13:57.875047 #87719]  INFO -- : 0:  rake (10.1.1) from /Users/mluukkai/.rbenv/versions/2.0.0-p247/lib/ruby/gems/2.0.0/specifications/rake-10.1.1.gemspec
I, [2014-01-16T15:13:57.875943 #87719]  INFO -- : 0:  i18n (0.6.9) from /Users/mluukkai/.rbenv/versions/2.0.0-p247/lib/ruby/gems/2.0.0/specifications/i18n-0.6.9.gemspec
I, [2014-01-16T15:13:57.876232 #87719]  INFO -- : 0:  minitest (4.7.5) from /Users/mluukkai/.rbenv/versions/2.0.0-p247/lib/ruby/gems/2.0.0/specifications/minitest-4.7.5.gemspec
I, [2014-01-16T15:13:57.876545 #87719]  INFO -- : 0:  multi_json (1.8.2) from /Users/mluukkai/.rbenv/versions/2.0.0-p247/lib/ruby/gems/2.0.0/specifications/multi_json-1.8.2.gemspec
I, [2014-01-16T15:13:57.876806 #87719]  INFO -- : 0:  atomic (1.1.14) from /Users/mluukkai/.rbenv/versions/2.0.0-p247/lib/ruby/gems/2.0.0/specifications/atomic-1.1.14.gemspec
I, [2014-01-16T15:13:57.877067 #87719]  INFO -- : 0:  thread_safe (0.1.3) from /Users/mluukkai/.rbenv/versions/2.0.0-p247/lib/ruby/gems/2.0.0/specifications/thread_safe-0.1.3.gemspec
I, [2014-01-16T15:13:57.877486 #87719]  INFO -- : 0:  tzinfo (0.3.38) from /Users/mluukkai/.rbenv/versions/2.0.0-p247/lib/ruby/gems/2.0.0/specifications/tzinfo-0.3.38.gemspec
I, [2014-01-16T15:13:57.877757 #87719]  INFO -- : 0:  activesupport (4.0.2) from /Users/mluukkai/.rbenv/versions/2.0.0-p247/lib/ruby/gems/2.0.0/specifications/activesupport-4.0.2.gemspec
I, [2014-01-16T15:13:57.878010 #87719]  INFO -- : 0:  builder (3.1.4) from /Users/mluukkai/.rbenv/versions/2.0.0-p247/lib/ruby/gems/2.0.0/specifications/builder-3.1.4.gemspec
I, [2014-01-16T15:13:57.878260 #87719]  INFO -- : 0:  erubis (2.7.0) from /Users/mluukkai/.rbenv/versions/2.0.0-p247/lib/ruby/gems/2.0.0/specifications/erubis-2.7.0.gemspec
I, [2014-01-16T15:13:57.878511 #87719]  INFO -- : 0:  rack (1.5.2) from /Users/mluukkai/.rbenv/versions/2.0.0-p247/lib/ruby/gems/2.0.0/specifications/rack-1.5.2.gemspec
I, [2014-01-16T15:13:57.878843 #87719]  INFO -- : 0:  rack-test (0.6.2) from /Users/mluukkai/.rbenv/versions/2.0.0-p247/lib/ruby/gems/2.0.0/specifications/rack-test-0.6.2.gemspec
I, [2014-01-16T15:13:57.879103 #87719]  INFO -- : 0:  actionpack (4.0.2) from /Users/mluukkai/.rbenv/versions/2.0.0-p247/lib/ruby/gems/2.0.0/specifications/actionpack-4.0.2.gemspec
I, [2014-01-16T15:13:57.879357 #87719]  INFO -- : 0:  mime-types (1.25.1) from /Users/mluukkai/.rbenv/versions/2.0.0-p247/lib/ruby/gems/2.0.0/specifications/mime-types-1.25.1.gemspec
I, [2014-01-16T15:13:57.879613 #87719]  INFO -- : 0:  polyglot (0.3.3) from /Users/mluukkai/.rbenv/versions/2.0.0-p247/lib/ruby/gems/2.0.0/specifications/polyglot-0.3.3.gemspec
I, [2014-01-16T15:13:57.879861 #87719]  INFO -- : 0:  treetop (1.4.15) from /Users/mluukkai/.rbenv/versions/2.0.0-p247/lib/ruby/gems/2.0.0/specifications/treetop-1.4.15.gemspec
I, [2014-01-16T15:13:57.880105 #87719]  INFO -- : 0:  mail (2.5.4) from /Users/mluukkai/.rbenv/versions/2.0.0-p247/lib/ruby/gems/2.0.0/specifications/mail-2.5.4.gemspec
I, [2014-01-16T15:13:57.880350 #87719]  INFO -- : 0:  actionmailer (4.0.2) from /Users/mluukkai/.rbenv/versions/2.0.0-p247/lib/ruby/gems/2.0.0/specifications/actionmailer-4.0.2.gemspec
I, [2014-01-16T15:13:57.880595 #87719]  INFO -- : 0:  activemodel (4.0.2) from /Users/mluukkai/.rbenv/versions/2.0.0-p247/lib/ruby/gems/2.0.0/specifications/activemodel-4.0.2.gemspec
I, [2014-01-16T15:13:57.880848 #87719]  INFO -- : 0:  activerecord-deprecated_finders (1.0.3) from /Users/mluukkai/.rbenv/versions/2.0.0-p247/lib/ruby/gems/2.0.0/specifications/activerecord-deprecated_finders-1.0.3.gemspec
I, [2014-01-16T15:13:57.881096 #87719]  INFO -- : 0:  arel (4.0.1) from /Users/mluukkai/.rbenv/versions/2.0.0-p247/lib/ruby/gems/2.0.0/specifications/arel-4.0.1.gemspec
I, [2014-01-16T15:13:57.881343 #87719]  INFO -- : 0:  activerecord (4.0.2) from /Users/mluukkai/.rbenv/versions/2.0.0-p247/lib/ruby/gems/2.0.0/specifications/activerecord-4.0.2.gemspec
I, [2014-01-16T15:13:57.881564 #87719]  INFO -- : 0:  bundler (1.5.1) from /Users/mluukkai/.rbenv/versions/2.0.0-p247/lib/ruby/gems/2.0.0/specifications/bundler-1.5.1.gemspec
I, [2014-01-16T15:13:57.881811 #87719]  INFO -- : 0:  coffee-script-source (1.6.3) from /Users/mluukkai/.rbenv/versions/2.0.0-p247/lib/ruby/gems/2.0.0/specifications/coffee-script-source-1.6.3.gemspec
I, [2014-01-16T15:13:57.882060 #87719]  INFO -- : 0:  execjs (2.0.2) from /Users/mluukkai/.rbenv/versions/2.0.0-p247/lib/ruby/gems/2.0.0/specifications/execjs-2.0.2.gemspec
I, [2014-01-16T15:13:57.882303 #87719]  INFO -- : 0:  coffee-script (2.2.0) from /Users/mluukkai/.rbenv/versions/2.0.0-p247/lib/ruby/gems/2.0.0/specifications/coffee-script-2.2.0.gemspec
I, [2014-01-16T15:13:57.882549 #87719]  INFO -- : 0:  thor (0.18.1) from /Users/mluukkai/.rbenv/versions/2.0.0-p247/lib/ruby/gems/2.0.0/specifications/thor-0.18.1.gemspec
I, [2014-01-16T15:13:57.882795 #87719]  INFO -- : 0:  railties (4.0.2) from /Users/mluukkai/.rbenv/versions/2.0.0-p247/lib/ruby/gems/2.0.0/specifications/railties-4.0.2.gemspec
I, [2014-01-16T15:13:57.883076 #87719]  INFO -- : 0:  coffee-rails (4.0.1) from /Users/mluukkai/.rbenv/versions/2.0.0-p247/lib/ruby/gems/2.0.0/specifications/coffee-rails-4.0.1.gemspec
I, [2014-01-16T15:13:57.883346 #87719]  INFO -- : 0:  columnize (0.3.6) from /Users/mluukkai/.rbenv/versions/2.0.0-p247/lib/ruby/gems/2.0.0/specifications/columnize-0.3.6.gemspec
I, [2014-01-16T15:13:57.883595 #87719]  INFO -- : 0:  debugger-linecache (1.2.0) from /Users/mluukkai/.rbenv/versions/2.0.0-p247/lib/ruby/gems/2.0.0/specifications/debugger-linecache-1.2.0.gemspec
I, [2014-01-16T15:13:57.883842 #87719]  INFO -- : 0:  debugger-ruby_core_source (1.3.1) from /Users/mluukkai/.rbenv/versions/2.0.0-p247/lib/ruby/gems/2.0.0/specifications/debugger-ruby_core_source-1.3.1.gemspec
I, [2014-01-16T15:13:57.884089 #87719]  INFO -- : 0:  debugger (1.6.5) from /Users/mluukkai/.rbenv/versions/2.0.0-p247/lib/ruby/gems/2.0.0/specifications/debugger-1.6.5.gemspec
I, [2014-01-16T15:13:57.884339 #87719]  INFO -- : 0:  hike (1.2.3) from /Users/mluukkai/.rbenv/versions/2.0.0-p247/lib/ruby/gems/2.0.0/specifications/hike-1.2.3.gemspec
I, [2014-01-16T15:13:57.884584 #87719]  INFO -- : 0:  jbuilder (1.5.3) from /Users/mluukkai/.rbenv/versions/2.0.0-p247/lib/ruby/gems/2.0.0/specifications/jbuilder-1.5.3.gemspec
I, [2014-01-16T15:13:57.884826 #87719]  INFO -- : 0:  jquery-rails (3.0.4) from /Users/mluukkai/.rbenv/versions/2.0.0-p247/lib/ruby/gems/2.0.0/specifications/jquery-rails-3.0.4.gemspec
I, [2014-01-16T15:13:57.885071 #87719]  INFO -- : 0:  json (1.8.1) from /Users/mluukkai/.rbenv/versions/2.0.0-p247/lib/ruby/gems/2.0.0/specifications/json-1.8.1.gemspec
I, [2014-01-16T15:13:57.885316 #87719]  INFO -- : 0:  pg (0.17.1) from /Users/mluukkai/.rbenv/versions/2.0.0-p247/lib/ruby/gems/2.0.0/specifications/pg-0.17.1.gemspec
I, [2014-01-16T15:13:57.885572 #87719]  INFO -- : 0:  tilt (1.4.1) from /Users/mluukkai/.rbenv/versions/2.0.0-p247/lib/ruby/gems/2.0.0/specifications/tilt-1.4.1.gemspec
I, [2014-01-16T15:13:57.885822 #87719]  INFO -- : 0:  sprockets (2.10.1) from /Users/mluukkai/.rbenv/versions/2.0.0-p247/lib/ruby/gems/2.0.0/specifications/sprockets-2.10.1.gemspec
I, [2014-01-16T15:13:57.886067 #87719]  INFO -- : 0:  sprockets-rails (2.0.1) from /Users/mluukkai/.rbenv/versions/2.0.0-p247/lib/ruby/gems/2.0.0/specifications/sprockets-rails-2.0.1.gemspec
I, [2014-01-16T15:13:57.886314 #87719]  INFO -- : 0:  rails (4.0.2) from /Users/mluukkai/.rbenv/versions/2.0.0-p247/lib/ruby/gems/2.0.0/specifications/rails-4.0.2.gemspec
I, [2014-01-16T15:13:57.886562 #87719]  INFO -- : 0:  rails_serve_static_assets (0.0.2) from /Users/mluukkai/.rbenv/versions/2.0.0-p247/lib/ruby/gems/2.0.0/specifications/rails_serve_static_assets-0.0.2.gemspec
I, [2014-01-16T15:13:57.886807 #87719]  INFO -- : 0:  rails_stdout_logging (0.0.3) from /Users/mluukkai/.rbenv/versions/2.0.0-p247/lib/ruby/gems/2.0.0/specifications/rails_stdout_logging-0.0.3.gemspec
I, [2014-01-16T15:13:57.887051 #87719]  INFO -- : 0:  rails_12factor (0.0.2) from /Users/mluukkai/.rbenv/versions/2.0.0-p247/lib/ruby/gems/2.0.0/specifications/rails_12factor-0.0.2.gemspec
I, [2014-01-16T15:13:57.887300 #87719]  INFO -- : 0:  rdoc (3.12.2) from /Users/mluukkai/.rbenv/versions/2.0.0-p247/lib/ruby/gems/2.0.0/specifications/rdoc-3.12.2.gemspec
I, [2014-01-16T15:13:57.887543 #87719]  INFO -- : 0:  sass (3.2.13) from /Users/mluukkai/.rbenv/versions/2.0.0-p247/lib/ruby/gems/2.0.0/specifications/sass-3.2.13.gemspec
I, [2014-01-16T15:13:57.887789 #87719]  INFO -- : 0:  sass-rails (4.0.1) from /Users/mluukkai/.rbenv/versions/2.0.0-p247/lib/ruby/gems/2.0.0/specifications/sass-rails-4.0.1.gemspec
I, [2014-01-16T15:13:57.888035 #87719]  INFO -- : 0:  sdoc (0.3.20) from /Users/mluukkai/.rbenv/versions/2.0.0-p247/lib/ruby/gems/2.0.0/specifications/sdoc-0.3.20.gemspec
I, [2014-01-16T15:13:57.888281 #87719]  INFO -- : 0:  sqlite3 (1.3.8) from /Users/mluukkai/.rbenv/versions/2.0.0-p247/lib/ruby/gems/2.0.0/specifications/sqlite3-1.3.8.gemspec
I, [2014-01-16T15:13:57.888532 #87719]  INFO -- : 0:  turbolinks (2.1.0) from /Users/mluukkai/.rbenv/versions/2.0.0-p247/lib/ruby/gems/2.0.0/specifications/turbolinks-2.1.0.gemspec
I, [2014-01-16T15:13:57.888800 #87719]  INFO -- : 0:  uglifier (2.4.0) from /Users/mluukkai/.rbenv/versions/2.0.0-p247/lib/ruby/gems/2.0.0/specifications/uglifier-2.4.0.gemspec
I, [2014-01-20T12:06:45.356811 #97014]  INFO -- : 0:  rake (10.1.1) from /Users/mluukkai/.rbenv/versions/2.0.0-p247/lib/ruby/gems/2.0.0/specifications/rake-10.1.1.gemspec
I, [2014-01-20T12:06:45.364264 #97014]  INFO -- : 0:  i18n (0.6.9) from /Users/mluukkai/.rbenv/versions/2.0.0-p247/lib/ruby/gems/2.0.0/specifications/i18n-0.6.9.gemspec
I, [2014-01-20T12:06:45.364690 #97014]  INFO -- : 0:  minitest (4.7.5) from /Users/mluukkai/.rbenv/versions/2.0.0-p247/lib/ruby/gems/2.0.0/specifications/minitest-4.7.5.gemspec
I, [2014-01-20T12:06:45.365068 #97014]  INFO -- : 0:  multi_json (1.8.2) from /Users/mluukkai/.rbenv/versions/2.0.0-p247/lib/ruby/gems/2.0.0/specifications/multi_json-1.8.2.gemspec
I, [2014-01-20T12:06:45.365430 #97014]  INFO -- : 0:  atomic (1.1.14) from /Users/mluukkai/.rbenv/versions/2.0.0-p247/lib/ruby/gems/2.0.0/specifications/atomic-1.1.14.gemspec
I, [2014-01-20T12:06:45.365798 #97014]  INFO -- : 0:  thread_safe (0.1.3) from /Users/mluukkai/.rbenv/versions/2.0.0-p247/lib/ruby/gems/2.0.0/specifications/thread_safe-0.1.3.gemspec
I, [2014-01-20T12:06:45.366156 #97014]  INFO -- : 0:  tzinfo (0.3.38) from /Users/mluukkai/.rbenv/versions/2.0.0-p247/lib/ruby/gems/2.0.0/specifications/tzinfo-0.3.38.gemspec
I, [2014-01-20T12:06:45.366479 #97014]  INFO -- : 0:  activesupport (4.0.2) from /Users/mluukkai/.rbenv/versions/2.0.0-p247/lib/ruby/gems/2.0.0/specifications/activesupport-4.0.2.gemspec
I, [2014-01-20T12:06:45.366823 #97014]  INFO -- : 0:  builder (3.1.4) from /Users/mluukkai/.rbenv/versions/2.0.0-p247/lib/ruby/gems/2.0.0/specifications/builder-3.1.4.gemspec
I, [2014-01-20T12:06:45.367152 #97014]  INFO -- : 0:  erubis (2.7.0) from /Users/mluukkai/.rbenv/versions/2.0.0-p247/lib/ruby/gems/2.0.0/specifications/erubis-2.7.0.gemspec
I, [2014-01-20T12:06:45.367528 #97014]  INFO -- : 0:  rack (1.5.2) from /Users/mluukkai/.rbenv/versions/2.0.0-p247/lib/ruby/gems/2.0.0/specifications/rack-1.5.2.gemspec
I, [2014-01-20T12:06:45.367833 #97014]  INFO -- : 0:  rack-test (0.6.2) from /Users/mluukkai/.rbenv/versions/2.0.0-p247/lib/ruby/gems/2.0.0/specifications/rack-test-0.6.2.gemspec
I, [2014-01-20T12:06:45.368137 #97014]  INFO -- : 0:  actionpack (4.0.2) from /Users/mluukkai/.rbenv/versions/2.0.0-p247/lib/ruby/gems/2.0.0/specifications/actionpack-4.0.2.gemspec
I, [2014-01-20T12:06:45.368428 #97014]  INFO -- : 0:  mime-types (1.25.1) from /Users/mluukkai/.rbenv/versions/2.0.0-p247/lib/ruby/gems/2.0.0/specifications/mime-types-1.25.1.gemspec
I, [2014-01-20T12:06:45.368723 #97014]  INFO -- : 0:  polyglot (0.3.3) from /Users/mluukkai/.rbenv/versions/2.0.0-p247/lib/ruby/gems/2.0.0/specifications/polyglot-0.3.3.gemspec
I, [2014-01-20T12:06:45.368991 #97014]  INFO -- : 0:  treetop (1.4.15) from /Users/mluukkai/.rbenv/versions/2.0.0-p247/lib/ruby/gems/2.0.0/specifications/treetop-1.4.15.gemspec
I, [2014-01-20T12:06:45.369264 #97014]  INFO -- : 0:  mail (2.5.4) from /Users/mluukkai/.rbenv/versions/2.0.0-p247/lib/ruby/gems/2.0.0/specifications/mail-2.5.4.gemspec
I, [2014-01-20T12:06:45.369564 #97014]  INFO -- : 0:  actionmailer (4.0.2) from /Users/mluukkai/.rbenv/versions/2.0.0-p247/lib/ruby/gems/2.0.0/specifications/actionmailer-4.0.2.gemspec
I, [2014-01-20T12:06:45.369864 #97014]  INFO -- : 0:  activemodel (4.0.2) from /Users/mluukkai/.rbenv/versions/2.0.0-p247/lib/ruby/gems/2.0.0/specifications/activemodel-4.0.2.gemspec
I, [2014-01-20T12:06:45.370163 #97014]  INFO -- : 0:  activerecord-deprecated_finders (1.0.3) from /Users/mluukkai/.rbenv/versions/2.0.0-p247/lib/ruby/gems/2.0.0/specifications/activerecord-deprecated_finders-1.0.3.gemspec
I, [2014-01-20T12:06:45.370465 #97014]  INFO -- : 0:  arel (4.0.1) from /Users/mluukkai/.rbenv/versions/2.0.0-p247/lib/ruby/gems/2.0.0/specifications/arel-4.0.1.gemspec
I, [2014-01-20T12:06:45.370748 #97014]  INFO -- : 0:  activerecord (4.0.2) from /Users/mluukkai/.rbenv/versions/2.0.0-p247/lib/ruby/gems/2.0.0/specifications/activerecord-4.0.2.gemspec
I, [2014-01-20T12:06:45.371036 #97014]  INFO -- : 0:  bundler (1.5.1) from /Users/mluukkai/.rbenv/versions/2.0.0-p247/lib/ruby/gems/2.0.0/specifications/bundler-1.5.1.gemspec
I, [2014-01-20T12:06:45.371300 #97014]  INFO -- : 0:  columnize (0.3.6) from /Users/mluukkai/.rbenv/versions/2.0.0-p247/lib/ruby/gems/2.0.0/specifications/columnize-0.3.6.gemspec
I, [2014-01-20T12:06:45.371616 #97014]  INFO -- : 0:  debugger-linecache (1.2.0) from /Users/mluukkai/.rbenv/versions/2.0.0-p247/lib/ruby/gems/2.0.0/specifications/debugger-linecache-1.2.0.gemspec
I, [2014-01-20T12:06:47.767127 #97014]  INFO -- : 0:  byebug (2.5.0) from /Users/mluukkai/.rbenv/versions/2.0.0-p247/lib/ruby/gems/2.0.0/specifications/byebug-2.5.0.gemspec
I, [2014-01-20T12:06:47.767858 #97014]  INFO -- : 0:  coffee-script-source (1.6.3) from /Users/mluukkai/.rbenv/versions/2.0.0-p247/lib/ruby/gems/2.0.0/specifications/coffee-script-source-1.6.3.gemspec
I, [2014-01-20T12:06:47.768309 #97014]  INFO -- : 0:  execjs (2.0.2) from /Users/mluukkai/.rbenv/versions/2.0.0-p247/lib/ruby/gems/2.0.0/specifications/execjs-2.0.2.gemspec
I, [2014-01-20T12:06:47.768715 #97014]  INFO -- : 0:  coffee-script (2.2.0) from /Users/mluukkai/.rbenv/versions/2.0.0-p247/lib/ruby/gems/2.0.0/specifications/coffee-script-2.2.0.gemspec
I, [2014-01-20T12:06:47.769150 #97014]  INFO -- : 0:  thor (0.18.1) from /Users/mluukkai/.rbenv/versions/2.0.0-p247/lib/ruby/gems/2.0.0/specifications/thor-0.18.1.gemspec
I, [2014-01-20T12:06:47.769539 #97014]  INFO -- : 0:  railties (4.0.2) from /Users/mluukkai/.rbenv/versions/2.0.0-p247/lib/ruby/gems/2.0.0/specifications/railties-4.0.2.gemspec
I, [2014-01-20T12:06:47.769939 #97014]  INFO -- : 0:  coffee-rails (4.0.1) from /Users/mluukkai/.rbenv/versions/2.0.0-p247/lib/ruby/gems/2.0.0/specifications/coffee-rails-4.0.1.gemspec
I, [2014-01-20T12:06:47.770318 #97014]  INFO -- : 0:  debugger-ruby_core_source (1.3.1) from /Users/mluukkai/.rbenv/versions/2.0.0-p247/lib/ruby/gems/2.0.0/specifications/debugger-ruby_core_source-1.3.1.gemspec
I, [2014-01-20T12:06:47.770688 #97014]  INFO -- : 0:  debugger (1.6.5) from /Users/mluukkai/.rbenv/versions/2.0.0-p247/lib/ruby/gems/2.0.0/specifications/debugger-1.6.5.gemspec
I, [2014-01-20T12:06:47.771060 #97014]  INFO -- : 0:  hike (1.2.3) from /Users/mluukkai/.rbenv/versions/2.0.0-p247/lib/ruby/gems/2.0.0/specifications/hike-1.2.3.gemspec
I, [2014-01-20T12:06:47.771427 #97014]  INFO -- : 0:  jbuilder (1.5.3) from /Users/mluukkai/.rbenv/versions/2.0.0-p247/lib/ruby/gems/2.0.0/specifications/jbuilder-1.5.3.gemspec
I, [2014-01-20T12:06:47.771817 #97014]  INFO -- : 0:  jquery-rails (3.0.4) from /Users/mluukkai/.rbenv/versions/2.0.0-p247/lib/ruby/gems/2.0.0/specifications/jquery-rails-3.0.4.gemspec
I, [2014-01-20T12:06:47.772197 #97014]  INFO -- : 0:  json (1.8.1) from /Users/mluukkai/.rbenv/versions/2.0.0-p247/lib/ruby/gems/2.0.0/specifications/json-1.8.1.gemspec
I, [2014-01-20T12:06:47.772563 #97014]  INFO -- : 0:  pg (0.17.1) from /Users/mluukkai/.rbenv/versions/2.0.0-p247/lib/ruby/gems/2.0.0/specifications/pg-0.17.1.gemspec
I, [2014-01-20T12:06:47.772947 #97014]  INFO -- : 0:  tilt (1.4.1) from /Users/mluukkai/.rbenv/versions/2.0.0-p247/lib/ruby/gems/2.0.0/specifications/tilt-1.4.1.gemspec
I, [2014-01-20T12:06:47.773310 #97014]  INFO -- : 0:  sprockets (2.10.1) from /Users/mluukkai/.rbenv/versions/2.0.0-p247/lib/ruby/gems/2.0.0/specifications/sprockets-2.10.1.gemspec
I, [2014-01-20T12:06:47.773680 #97014]  INFO -- : 0:  sprockets-rails (2.0.1) from /Users/mluukkai/.rbenv/versions/2.0.0-p247/lib/ruby/gems/2.0.0/specifications/sprockets-rails-2.0.1.gemspec
I, [2014-01-20T12:06:47.774063 #97014]  INFO -- : 0:  rails (4.0.2) from /Users/mluukkai/.rbenv/versions/2.0.0-p247/lib/ruby/gems/2.0.0/specifications/rails-4.0.2.gemspec
I, [2014-01-20T12:06:47.774531 #97014]  INFO -- : 0:  rails_serve_static_assets (0.0.2) from /Users/mluukkai/.rbenv/versions/2.0.0-p247/lib/ruby/gems/2.0.0/specifications/rails_serve_static_assets-0.0.2.gemspec
I, [2014-01-20T12:06:47.774914 #97014]  INFO -- : 0:  rails_stdout_logging (0.0.3) from /Users/mluukkai/.rbenv/versions/2.0.0-p247/lib/ruby/gems/2.0.0/specifications/rails_stdout_logging-0.0.3.gemspec
I, [2014-01-20T12:06:47.775301 #97014]  INFO -- : 0:  rails_12factor (0.0.2) from /Users/mluukkai/.rbenv/versions/2.0.0-p247/lib/ruby/gems/2.0.0/specifications/rails_12factor-0.0.2.gemspec
I, [2014-01-20T12:06:47.775826 #97014]  INFO -- : 0:  rdoc (3.12.2) from /Users/mluukkai/.rbenv/versions/2.0.0-p247/lib/ruby/gems/2.0.0/specifications/rdoc-3.12.2.gemspec
I, [2014-01-20T12:06:47.776301 #97014]  INFO -- : 0:  sass (3.2.13) from /Users/mluukkai/.rbenv/versions/2.0.0-p247/lib/ruby/gems/2.0.0/specifications/sass-3.2.13.gemspec
I, [2014-01-20T12:06:47.776753 #97014]  INFO -- : 0:  sass-rails (4.0.1) from /Users/mluukkai/.rbenv/versions/2.0.0-p247/lib/ruby/gems/2.0.0/specifications/sass-rails-4.0.1.gemspec
I, [2014-01-20T12:06:47.777281 #97014]  INFO -- : 0:  sdoc (0.3.20) from /Users/mluukkai/.rbenv/versions/2.0.0-p247/lib/ruby/gems/2.0.0/specifications/sdoc-0.3.20.gemspec
I, [2014-01-20T12:06:47.777720 #97014]  INFO -- : 0:  sqlite3 (1.3.8) from /Users/mluukkai/.rbenv/versions/2.0.0-p247/lib/ruby/gems/2.0.0/specifications/sqlite3-1.3.8.gemspec
I, [2014-01-20T12:06:47.778157 #97014]  INFO -- : 0:  turbolinks (2.1.0) from /Users/mluukkai/.rbenv/versions/2.0.0-p247/lib/ruby/gems/2.0.0/specifications/turbolinks-2.1.0.gemspec
I, [2014-01-20T12:06:47.778581 #97014]  INFO -- : 0:  uglifier (2.4.0) from /Users/mluukkai/.rbenv/versions/2.0.0-p247/lib/ruby/gems/2.0.0/specifications/uglifier-2.4.0.gemspec
I, [2014-01-20T12:07:41.073249 #97158]  INFO -- : 0:  rake (10.1.1) from /Users/mluukkai/.rbenv/versions/2.0.0-p247/lib/ruby/gems/2.0.0/specifications/rake-10.1.1.gemspec
I, [2014-01-20T12:07:41.073675 #97158]  INFO -- : 0:  i18n (0.6.9) from /Users/mluukkai/.rbenv/versions/2.0.0-p247/lib/ruby/gems/2.0.0/specifications/i18n-0.6.9.gemspec
I, [2014-01-20T12:07:41.074028 #97158]  INFO -- : 0:  minitest (4.7.5) from /Users/mluukkai/.rbenv/versions/2.0.0-p247/lib/ruby/gems/2.0.0/specifications/minitest-4.7.5.gemspec
I, [2014-01-20T12:07:41.074354 #97158]  INFO -- : 0:  multi_json (1.8.2) from /Users/mluukkai/.rbenv/versions/2.0.0-p247/lib/ruby/gems/2.0.0/specifications/multi_json-1.8.2.gemspec
I, [2014-01-20T12:07:41.074661 #97158]  INFO -- : 0:  atomic (1.1.14) from /Users/mluukkai/.rbenv/versions/2.0.0-p247/lib/ruby/gems/2.0.0/specifications/atomic-1.1.14.gemspec
I, [2014-01-20T12:07:41.074982 #97158]  INFO -- : 0:  thread_safe (0.1.3) from /Users/mluukkai/.rbenv/versions/2.0.0-p247/lib/ruby/gems/2.0.0/specifications/thread_safe-0.1.3.gemspec
I, [2014-01-20T12:07:41.075283 #97158]  INFO -- : 0:  tzinfo (0.3.38) from /Users/mluukkai/.rbenv/versions/2.0.0-p247/lib/ruby/gems/2.0.0/specifications/tzinfo-0.3.38.gemspec
I, [2014-01-20T12:07:41.075587 #97158]  INFO -- : 0:  activesupport (4.0.2) from /Users/mluukkai/.rbenv/versions/2.0.0-p247/lib/ruby/gems/2.0.0/specifications/activesupport-4.0.2.gemspec
I, [2014-01-20T12:07:41.075886 #97158]  INFO -- : 0:  builder (3.1.4) from /Users/mluukkai/.rbenv/versions/2.0.0-p247/lib/ruby/gems/2.0.0/specifications/builder-3.1.4.gemspec
I, [2014-01-20T12:07:41.076169 #97158]  INFO -- : 0:  erubis (2.7.0) from /Users/mluukkai/.rbenv/versions/2.0.0-p247/lib/ruby/gems/2.0.0/specifications/erubis-2.7.0.gemspec
I, [2014-01-20T12:07:41.076471 #97158]  INFO -- : 0:  rack (1.5.2) from /Users/mluukkai/.rbenv/versions/2.0.0-p247/lib/ruby/gems/2.0.0/specifications/rack-1.5.2.gemspec
I, [2014-01-20T12:07:41.076768 #97158]  INFO -- : 0:  rack-test (0.6.2) from /Users/mluukkai/.rbenv/versions/2.0.0-p247/lib/ruby/gems/2.0.0/specifications/rack-test-0.6.2.gemspec
I, [2014-01-20T12:07:41.077066 #97158]  INFO -- : 0:  actionpack (4.0.2) from /Users/mluukkai/.rbenv/versions/2.0.0-p247/lib/ruby/gems/2.0.0/specifications/actionpack-4.0.2.gemspec
I, [2014-01-20T12:07:41.077364 #97158]  INFO -- : 0:  mime-types (1.25.1) from /Users/mluukkai/.rbenv/versions/2.0.0-p247/lib/ruby/gems/2.0.0/specifications/mime-types-1.25.1.gemspec
I, [2014-01-20T12:07:41.077661 #97158]  INFO -- : 0:  polyglot (0.3.3) from /Users/mluukkai/.rbenv/versions/2.0.0-p247/lib/ruby/gems/2.0.0/specifications/polyglot-0.3.3.gemspec
I, [2014-01-20T12:07:41.077971 #97158]  INFO -- : 0:  treetop (1.4.15) from /Users/mluukkai/.rbenv/versions/2.0.0-p247/lib/ruby/gems/2.0.0/specifications/treetop-1.4.15.gemspec
I, [2014-01-20T12:07:41.078250 #97158]  INFO -- : 0:  mail (2.5.4) from /Users/mluukkai/.rbenv/versions/2.0.0-p247/lib/ruby/gems/2.0.0/specifications/mail-2.5.4.gemspec
I, [2014-01-20T12:07:41.078544 #97158]  INFO -- : 0:  actionmailer (4.0.2) from /Users/mluukkai/.rbenv/versions/2.0.0-p247/lib/ruby/gems/2.0.0/specifications/actionmailer-4.0.2.gemspec
I, [2014-01-20T12:07:41.078866 #97158]  INFO -- : 0:  activemodel (4.0.2) from /Users/mluukkai/.rbenv/versions/2.0.0-p247/lib/ruby/gems/2.0.0/specifications/activemodel-4.0.2.gemspec
I, [2014-01-20T12:07:41.079168 #97158]  INFO -- : 0:  activerecord-deprecated_finders (1.0.3) from /Users/mluukkai/.rbenv/versions/2.0.0-p247/lib/ruby/gems/2.0.0/specifications/activerecord-deprecated_finders-1.0.3.gemspec
I, [2014-01-20T12:07:41.079464 #97158]  INFO -- : 0:  arel (4.0.1) from /Users/mluukkai/.rbenv/versions/2.0.0-p247/lib/ruby/gems/2.0.0/specifications/arel-4.0.1.gemspec
I, [2014-01-20T12:07:41.079778 #97158]  INFO -- : 0:  activerecord (4.0.2) from /Users/mluukkai/.rbenv/versions/2.0.0-p247/lib/ruby/gems/2.0.0/specifications/activerecord-4.0.2.gemspec
I, [2014-01-20T12:07:41.080073 #97158]  INFO -- : 0:  columnize (0.3.6) from /Users/mluukkai/.rbenv/versions/2.0.0-p247/lib/ruby/gems/2.0.0/specifications/columnize-0.3.6.gemspec
I, [2014-01-20T12:07:41.080357 #97158]  INFO -- : 0:  debugger-linecache (1.2.0) from /Users/mluukkai/.rbenv/versions/2.0.0-p247/lib/ruby/gems/2.0.0/specifications/debugger-linecache-1.2.0.gemspec
I, [2014-01-20T12:07:41.080648 #97158]  INFO -- : 0:  byebug (2.5.0) from /Users/mluukkai/.rbenv/versions/2.0.0-p247/lib/ruby/gems/2.0.0/specifications/byebug-2.5.0.gemspec
I, [2014-01-20T12:07:41.080941 #97158]  INFO -- : 0:  coffee-script-source (1.6.3) from /Users/mluukkai/.rbenv/versions/2.0.0-p247/lib/ruby/gems/2.0.0/specifications/coffee-script-source-1.6.3.gemspec
I, [2014-01-20T12:07:41.081240 #97158]  INFO -- : 0:  execjs (2.0.2) from /Users/mluukkai/.rbenv/versions/2.0.0-p247/lib/ruby/gems/2.0.0/specifications/execjs-2.0.2.gemspec
I, [2014-01-20T12:07:41.081534 #97158]  INFO -- : 0:  coffee-script (2.2.0) from /Users/mluukkai/.rbenv/versions/2.0.0-p247/lib/ruby/gems/2.0.0/specifications/coffee-script-2.2.0.gemspec
I, [2014-01-20T12:07:41.081834 #97158]  INFO -- : 0:  thor (0.18.1) from /Users/mluukkai/.rbenv/versions/2.0.0-p247/lib/ruby/gems/2.0.0/specifications/thor-0.18.1.gemspec
I, [2014-01-20T12:07:41.082126 #97158]  INFO -- : 0:  railties (4.0.2) from /Users/mluukkai/.rbenv/versions/2.0.0-p247/lib/ruby/gems/2.0.0/specifications/railties-4.0.2.gemspec
I, [2014-01-20T12:07:41.082406 #97158]  INFO -- : 0:  coffee-rails (4.0.1) from /Users/mluukkai/.rbenv/versions/2.0.0-p247/lib/ruby/gems/2.0.0/specifications/coffee-rails-4.0.1.gemspec
I, [2014-01-20T12:07:41.082703 #97158]  INFO -- : 0:  debugger-ruby_core_source (1.3.1) from /Users/mluukkai/.rbenv/versions/2.0.0-p247/lib/ruby/gems/2.0.0/specifications/debugger-ruby_core_source-1.3.1.gemspec
I, [2014-01-20T12:07:41.082993 #97158]  INFO -- : 0:  debugger (1.6.5) from /Users/mluukkai/.rbenv/versions/2.0.0-p247/lib/ruby/gems/2.0.0/specifications/debugger-1.6.5.gemspec
I, [2014-01-20T12:07:41.083290 #97158]  INFO -- : 0:  hike (1.2.3) from /Users/mluukkai/.rbenv/versions/2.0.0-p247/lib/ruby/gems/2.0.0/specifications/hike-1.2.3.gemspec
I, [2014-01-20T12:07:41.083580 #97158]  INFO -- : 0:  jbuilder (1.5.3) from /Users/mluukkai/.rbenv/versions/2.0.0-p247/lib/ruby/gems/2.0.0/specifications/jbuilder-1.5.3.gemspec
I, [2014-01-20T12:07:41.083871 #97158]  INFO -- : 0:  jquery-rails (3.0.4) from /Users/mluukkai/.rbenv/versions/2.0.0-p247/lib/ruby/gems/2.0.0/specifications/jquery-rails-3.0.4.gemspec
I, [2014-01-20T12:07:41.084164 #97158]  INFO -- : 0:  json (1.8.1) from /Users/mluukkai/.rbenv/versions/2.0.0-p247/lib/ruby/gems/2.0.0/specifications/json-1.8.1.gemspec
I, [2014-01-20T12:07:41.084479 #97158]  INFO -- : 0:  pg (0.17.1) from /Users/mluukkai/.rbenv/versions/2.0.0-p247/lib/ruby/gems/2.0.0/specifications/pg-0.17.1.gemspec
I, [2014-01-20T12:07:41.084838 #97158]  INFO -- : 0:  bundler (1.5.1) from /Users/mluukkai/.rbenv/versions/2.0.0-p247/lib/ruby/gems/2.0.0/specifications/bundler-1.5.1.gemspec
I, [2014-01-20T12:07:41.085141 #97158]  INFO -- : 0:  tilt (1.4.1) from /Users/mluukkai/.rbenv/versions/2.0.0-p247/lib/ruby/gems/2.0.0/specifications/tilt-1.4.1.gemspec
I, [2014-01-20T12:07:41.085439 #97158]  INFO -- : 0:  sprockets (2.10.1) from /Users/mluukkai/.rbenv/versions/2.0.0-p247/lib/ruby/gems/2.0.0/specifications/sprockets-2.10.1.gemspec
I, [2014-01-20T12:07:41.085733 #97158]  INFO -- : 0:  sprockets-rails (2.0.1) from /Users/mluukkai/.rbenv/versions/2.0.0-p247/lib/ruby/gems/2.0.0/specifications/sprockets-rails-2.0.1.gemspec
I, [2014-01-20T12:07:41.086027 #97158]  INFO -- : 0:  rails (4.0.2) from /Users/mluukkai/.rbenv/versions/2.0.0-p247/lib/ruby/gems/2.0.0/specifications/rails-4.0.2.gemspec
I, [2014-01-20T12:07:41.086321 #97158]  INFO -- : 0:  rails_serve_static_assets (0.0.2) from /Users/mluukkai/.rbenv/versions/2.0.0-p247/lib/ruby/gems/2.0.0/specifications/rails_serve_static_assets-0.0.2.gemspec
I, [2014-01-20T12:07:41.086604 #97158]  INFO -- : 0:  rails_stdout_logging (0.0.3) from /Users/mluukkai/.rbenv/versions/2.0.0-p247/lib/ruby/gems/2.0.0/specifications/rails_stdout_logging-0.0.3.gemspec
I, [2014-01-20T12:07:41.086897 #97158]  INFO -- : 0:  rails_12factor (0.0.2) from /Users/mluukkai/.rbenv/versions/2.0.0-p247/lib/ruby/gems/2.0.0/specifications/rails_12factor-0.0.2.gemspec
I, [2014-01-20T12:07:41.087191 #97158]  INFO -- : 0:  rdoc (3.12.2) from /Users/mluukkai/.rbenv/versions/2.0.0-p247/lib/ruby/gems/2.0.0/specifications/rdoc-3.12.2.gemspec
I, [2014-01-20T12:07:41.087481 #97158]  INFO -- : 0:  sass (3.2.13) from /Users/mluukkai/.rbenv/versions/2.0.0-p247/lib/ruby/gems/2.0.0/specifications/sass-3.2.13.gemspec
I, [2014-01-20T12:07:41.087803 #97158]  INFO -- : 0:  sass-rails (4.0.1) from /Users/mluukkai/.rbenv/versions/2.0.0-p247/lib/ruby/gems/2.0.0/specifications/sass-rails-4.0.1.gemspec
I, [2014-01-20T12:07:41.088106 #97158]  INFO -- : 0:  sdoc (0.3.20) from /Users/mluukkai/.rbenv/versions/2.0.0-p247/lib/ruby/gems/2.0.0/specifications/sdoc-0.3.20.gemspec
I, [2014-01-20T12:07:41.088399 #97158]  INFO -- : 0:  sqlite3 (1.3.8) from /Users/mluukkai/.rbenv/versions/2.0.0-p247/lib/ruby/gems/2.0.0/specifications/sqlite3-1.3.8.gemspec
I, [2014-01-20T12:07:41.088683 #97158]  INFO -- : 0:  turbolinks (2.1.0) from /Users/mluukkai/.rbenv/versions/2.0.0-p247/lib/ruby/gems/2.0.0/specifications/turbolinks-2.1.0.gemspec
I, [2014-01-20T12:07:41.088997 #97158]  INFO -- : 0:  uglifier (2.4.0) from /Users/mluukkai/.rbenv/versions/2.0.0-p247/lib/ruby/gems/2.0.0/specifications/uglifier-2.4.0.gemspec
I, [2014-01-23T17:55:47.286860 #4736]  INFO -- : 0:  rake (10.1.1) from /Users/mluukkai/.rbenv/versions/2.0.0-p247/lib/ruby/gems/2.0.0/specifications/rake-10.1.1.gemspec
I, [2014-01-23T17:55:47.294240 #4736]  INFO -- : 0:  i18n (0.6.9) from /Users/mluukkai/.rbenv/versions/2.0.0-p247/lib/ruby/gems/2.0.0/specifications/i18n-0.6.9.gemspec
I, [2014-01-23T17:55:47.294650 #4736]  INFO -- : 0:  minitest (4.7.5) from /Users/mluukkai/.rbenv/versions/2.0.0-p247/lib/ruby/gems/2.0.0/specifications/minitest-4.7.5.gemspec
I, [2014-01-23T17:55:47.294998 #4736]  INFO -- : 0:  multi_json (1.8.2) from /Users/mluukkai/.rbenv/versions/2.0.0-p247/lib/ruby/gems/2.0.0/specifications/multi_json-1.8.2.gemspec
I, [2014-01-23T17:55:47.295335 #4736]  INFO -- : 0:  atomic (1.1.14) from /Users/mluukkai/.rbenv/versions/2.0.0-p247/lib/ruby/gems/2.0.0/specifications/atomic-1.1.14.gemspec
I, [2014-01-23T17:55:47.295671 #4736]  INFO -- : 0:  thread_safe (0.1.3) from /Users/mluukkai/.rbenv/versions/2.0.0-p247/lib/ruby/gems/2.0.0/specifications/thread_safe-0.1.3.gemspec
I, [2014-01-23T17:55:47.295992 #4736]  INFO -- : 0:  tzinfo (0.3.38) from /Users/mluukkai/.rbenv/versions/2.0.0-p247/lib/ruby/gems/2.0.0/specifications/tzinfo-0.3.38.gemspec
I, [2014-01-23T17:55:47.296300 #4736]  INFO -- : 0:  activesupport (4.0.2) from /Users/mluukkai/.rbenv/versions/2.0.0-p247/lib/ruby/gems/2.0.0/specifications/activesupport-4.0.2.gemspec
I, [2014-01-23T17:55:47.296581 #4736]  INFO -- : 0:  builder (3.1.4) from /Users/mluukkai/.rbenv/versions/2.0.0-p247/lib/ruby/gems/2.0.0/specifications/builder-3.1.4.gemspec
I, [2014-01-23T17:55:47.296860 #4736]  INFO -- : 0:  erubis (2.7.0) from /Users/mluukkai/.rbenv/versions/2.0.0-p247/lib/ruby/gems/2.0.0/specifications/erubis-2.7.0.gemspec
I, [2014-01-23T17:55:47.297142 #4736]  INFO -- : 0:  rack (1.5.2) from /Users/mluukkai/.rbenv/versions/2.0.0-p247/lib/ruby/gems/2.0.0/specifications/rack-1.5.2.gemspec
I, [2014-01-23T17:55:47.297418 #4736]  INFO -- : 0:  rack-test (0.6.2) from /Users/mluukkai/.rbenv/versions/2.0.0-p247/lib/ruby/gems/2.0.0/specifications/rack-test-0.6.2.gemspec
I, [2014-01-23T17:55:47.297699 #4736]  INFO -- : 0:  actionpack (4.0.2) from /Users/mluukkai/.rbenv/versions/2.0.0-p247/lib/ruby/gems/2.0.0/specifications/actionpack-4.0.2.gemspec
I, [2014-01-23T17:55:47.297976 #4736]  INFO -- : 0:  mime-types (1.25.1) from /Users/mluukkai/.rbenv/versions/2.0.0-p247/lib/ruby/gems/2.0.0/specifications/mime-types-1.25.1.gemspec
I, [2014-01-23T17:55:47.298252 #4736]  INFO -- : 0:  polyglot (0.3.3) from /Users/mluukkai/.rbenv/versions/2.0.0-p247/lib/ruby/gems/2.0.0/specifications/polyglot-0.3.3.gemspec
I, [2014-01-23T17:55:47.298520 #4736]  INFO -- : 0:  treetop (1.4.15) from /Users/mluukkai/.rbenv/versions/2.0.0-p247/lib/ruby/gems/2.0.0/specifications/treetop-1.4.15.gemspec
I, [2014-01-23T17:55:47.298773 #4736]  INFO -- : 0:  mail (2.5.4) from /Users/mluukkai/.rbenv/versions/2.0.0-p247/lib/ruby/gems/2.0.0/specifications/mail-2.5.4.gemspec
I, [2014-01-23T17:55:47.299023 #4736]  INFO -- : 0:  actionmailer (4.0.2) from /Users/mluukkai/.rbenv/versions/2.0.0-p247/lib/ruby/gems/2.0.0/specifications/actionmailer-4.0.2.gemspec
I, [2014-01-23T17:55:47.299274 #4736]  INFO -- : 0:  activemodel (4.0.2) from /Users/mluukkai/.rbenv/versions/2.0.0-p247/lib/ruby/gems/2.0.0/specifications/activemodel-4.0.2.gemspec
I, [2014-01-23T17:55:47.299553 #4736]  INFO -- : 0:  activerecord-deprecated_finders (1.0.3) from /Users/mluukkai/.rbenv/versions/2.0.0-p247/lib/ruby/gems/2.0.0/specifications/activerecord-deprecated_finders-1.0.3.gemspec
I, [2014-01-23T17:55:47.299901 #4736]  INFO -- : 0:  arel (4.0.1) from /Users/mluukkai/.rbenv/versions/2.0.0-p247/lib/ruby/gems/2.0.0/specifications/arel-4.0.1.gemspec
I, [2014-01-23T17:55:47.300194 #4736]  INFO -- : 0:  activerecord (4.0.2) from /Users/mluukkai/.rbenv/versions/2.0.0-p247/lib/ruby/gems/2.0.0/specifications/activerecord-4.0.2.gemspec
I, [2014-01-23T17:55:49.641338 #4736]  INFO -- : 0:  bcrypt-ruby (3.1.2) from /Users/mluukkai/.rbenv/versions/2.0.0-p247/lib/ruby/gems/2.0.0/specifications/bcrypt-ruby-3.1.2.gemspec
I, [2014-01-23T17:55:49.642125 #4736]  INFO -- : 0:  bundler (1.5.1) from /Users/mluukkai/.rbenv/versions/2.0.0-p247/lib/ruby/gems/2.0.0/specifications/bundler-1.5.1.gemspec
I, [2014-01-23T17:55:49.642645 #4736]  INFO -- : 0:  columnize (0.3.6) from /Users/mluukkai/.rbenv/versions/2.0.0-p247/lib/ruby/gems/2.0.0/specifications/columnize-0.3.6.gemspec
I, [2014-01-23T17:55:49.643028 #4736]  INFO -- : 0:  debugger-linecache (1.2.0) from /Users/mluukkai/.rbenv/versions/2.0.0-p247/lib/ruby/gems/2.0.0/specifications/debugger-linecache-1.2.0.gemspec
I, [2014-01-23T17:55:49.643367 #4736]  INFO -- : 0:  byebug (2.5.0) from /Users/mluukkai/.rbenv/versions/2.0.0-p247/lib/ruby/gems/2.0.0/specifications/byebug-2.5.0.gemspec
I, [2014-01-23T17:55:49.643703 #4736]  INFO -- : 0:  coffee-script-source (1.6.3) from /Users/mluukkai/.rbenv/versions/2.0.0-p247/lib/ruby/gems/2.0.0/specifications/coffee-script-source-1.6.3.gemspec
I, [2014-01-23T17:55:49.644025 #4736]  INFO -- : 0:  execjs (2.0.2) from /Users/mluukkai/.rbenv/versions/2.0.0-p247/lib/ruby/gems/2.0.0/specifications/execjs-2.0.2.gemspec
I, [2014-01-23T17:55:49.644314 #4736]  INFO -- : 0:  coffee-script (2.2.0) from /Users/mluukkai/.rbenv/versions/2.0.0-p247/lib/ruby/gems/2.0.0/specifications/coffee-script-2.2.0.gemspec
I, [2014-01-23T17:55:49.644642 #4736]  INFO -- : 0:  thor (0.18.1) from /Users/mluukkai/.rbenv/versions/2.0.0-p247/lib/ruby/gems/2.0.0/specifications/thor-0.18.1.gemspec
I, [2014-01-23T17:55:49.644949 #4736]  INFO -- : 0:  railties (4.0.2) from /Users/mluukkai/.rbenv/versions/2.0.0-p247/lib/ruby/gems/2.0.0/specifications/railties-4.0.2.gemspec
I, [2014-01-23T17:55:49.645246 #4736]  INFO -- : 0:  coffee-rails (4.0.1) from /Users/mluukkai/.rbenv/versions/2.0.0-p247/lib/ruby/gems/2.0.0/specifications/coffee-rails-4.0.1.gemspec
I, [2014-01-23T17:55:49.645541 #4736]  INFO -- : 0:  debugger-ruby_core_source (1.3.1) from /Users/mluukkai/.rbenv/versions/2.0.0-p247/lib/ruby/gems/2.0.0/specifications/debugger-ruby_core_source-1.3.1.gemspec
I, [2014-01-23T17:55:49.645828 #4736]  INFO -- : 0:  debugger (1.6.5) from /Users/mluukkai/.rbenv/versions/2.0.0-p247/lib/ruby/gems/2.0.0/specifications/debugger-1.6.5.gemspec
I, [2014-01-23T17:55:49.646251 #4736]  INFO -- : 0:  hike (1.2.3) from /Users/mluukkai/.rbenv/versions/2.0.0-p247/lib/ruby/gems/2.0.0/specifications/hike-1.2.3.gemspec
I, [2014-01-23T17:55:49.646607 #4736]  INFO -- : 0:  jbuilder (1.5.3) from /Users/mluukkai/.rbenv/versions/2.0.0-p247/lib/ruby/gems/2.0.0/specifications/jbuilder-1.5.3.gemspec
I, [2014-01-23T17:55:49.646944 #4736]  INFO -- : 0:  jquery-rails (3.0.4) from /Users/mluukkai/.rbenv/versions/2.0.0-p247/lib/ruby/gems/2.0.0/specifications/jquery-rails-3.0.4.gemspec
I, [2014-01-23T17:55:49.647363 #4736]  INFO -- : 0:  json (1.8.1) from /Users/mluukkai/.rbenv/versions/2.0.0-p247/lib/ruby/gems/2.0.0/specifications/json-1.8.1.gemspec
I, [2014-01-23T17:55:49.647702 #4736]  INFO -- : 0:  pg (0.17.1) from /Users/mluukkai/.rbenv/versions/2.0.0-p247/lib/ruby/gems/2.0.0/specifications/pg-0.17.1.gemspec
I, [2014-01-23T17:55:49.648030 #4736]  INFO -- : 0:  tilt (1.4.1) from /Users/mluukkai/.rbenv/versions/2.0.0-p247/lib/ruby/gems/2.0.0/specifications/tilt-1.4.1.gemspec
I, [2014-01-23T17:55:49.648362 #4736]  INFO -- : 0:  sprockets (2.10.1) from /Users/mluukkai/.rbenv/versions/2.0.0-p247/lib/ruby/gems/2.0.0/specifications/sprockets-2.10.1.gemspec
I, [2014-01-23T17:55:49.648711 #4736]  INFO -- : 0:  sprockets-rails (2.0.1) from /Users/mluukkai/.rbenv/versions/2.0.0-p247/lib/ruby/gems/2.0.0/specifications/sprockets-rails-2.0.1.gemspec
I, [2014-01-23T17:55:49.649185 #4736]  INFO -- : 0:  rails (4.0.2) from /Users/mluukkai/.rbenv/versions/2.0.0-p247/lib/ruby/gems/2.0.0/specifications/rails-4.0.2.gemspec
I, [2014-01-23T17:55:49.649595 #4736]  INFO -- : 0:  rails_serve_static_assets (0.0.2) from /Users/mluukkai/.rbenv/versions/2.0.0-p247/lib/ruby/gems/2.0.0/specifications/rails_serve_static_assets-0.0.2.gemspec
I, [2014-01-23T17:55:49.649974 #4736]  INFO -- : 0:  rails_stdout_logging (0.0.3) from /Users/mluukkai/.rbenv/versions/2.0.0-p247/lib/ruby/gems/2.0.0/specifications/rails_stdout_logging-0.0.3.gemspec
I, [2014-01-23T17:55:49.650340 #4736]  INFO -- : 0:  rails_12factor (0.0.2) from /Users/mluukkai/.rbenv/versions/2.0.0-p247/lib/ruby/gems/2.0.0/specifications/rails_12factor-0.0.2.gemspec
I, [2014-01-23T17:55:49.650704 #4736]  INFO -- : 0:  rdoc (3.12.2) from /Users/mluukkai/.rbenv/versions/2.0.0-p247/lib/ruby/gems/2.0.0/specifications/rdoc-3.12.2.gemspec
I, [2014-01-23T17:55:49.651073 #4736]  INFO -- : 0:  sass (3.2.13) from /Users/mluukkai/.rbenv/versions/2.0.0-p247/lib/ruby/gems/2.0.0/specifications/sass-3.2.13.gemspec
I, [2014-01-23T17:55:49.651432 #4736]  INFO -- : 0:  sass-rails (4.0.1) from /Users/mluukkai/.rbenv/versions/2.0.0-p247/lib/ruby/gems/2.0.0/specifications/sass-rails-4.0.1.gemspec
I, [2014-01-23T17:55:49.651790 #4736]  INFO -- : 0:  sdoc (0.3.20) from /Users/mluukkai/.rbenv/versions/2.0.0-p247/lib/ruby/gems/2.0.0/specifications/sdoc-0.3.20.gemspec
I, [2014-01-23T17:55:49.652150 #4736]  INFO -- : 0:  sqlite3 (1.3.8) from /Users/mluukkai/.rbenv/versions/2.0.0-p247/lib/ruby/gems/2.0.0/specifications/sqlite3-1.3.8.gemspec
I, [2014-01-23T17:55:49.652528 #4736]  INFO -- : 0:  turbolinks (2.1.0) from /Users/mluukkai/.rbenv/versions/2.0.0-p247/lib/ruby/gems/2.0.0/specifications/turbolinks-2.1.0.gemspec
I, [2014-01-23T17:55:49.652898 #4736]  INFO -- : 0:  uglifier (2.4.0) from /Users/mluukkai/.rbenv/versions/2.0.0-p247/lib/ruby/gems/2.0.0/specifications/uglifier-2.4.0.gemspec
I, [2014-02-09T20:11:36.341142 #2891]  INFO -- : 0:  rake (10.1.1) from /home/wadror/.rbenv/versions/2.0.0-p353/lib/ruby/gems/2.0.0/specifications/rake-10.1.1.gemspec
I, [2014-02-09T20:11:36.343021 #2891]  INFO -- : 0:  i18n (0.6.9) from /home/wadror/.rbenv/versions/2.0.0-p353/lib/ruby/gems/2.0.0/specifications/i18n-0.6.9.gemspec
I, [2014-02-09T20:11:36.344397 #2891]  INFO -- : 0:  minitest (4.7.5) from /home/wadror/.rbenv/versions/2.0.0-p353/lib/ruby/gems/2.0.0/specifications/minitest-4.7.5.gemspec
I, [2014-02-09T20:11:36.345706 #2891]  INFO -- : 0:  multi_json (1.8.2) from /home/wadror/.rbenv/versions/2.0.0-p353/lib/ruby/gems/2.0.0/specifications/multi_json-1.8.2.gemspec
I, [2014-02-09T20:11:36.347240 #2891]  INFO -- : 0:  atomic (1.1.14) from /home/wadror/.rbenv/versions/2.0.0-p353/lib/ruby/gems/2.0.0/specifications/atomic-1.1.14.gemspec
I, [2014-02-09T20:11:36.351491 #2891]  INFO -- : 0:  thread_safe (0.1.3) from /home/wadror/.rbenv/versions/2.0.0-p353/lib/ruby/gems/2.0.0/specifications/thread_safe-0.1.3.gemspec
I, [2014-02-09T20:11:36.352921 #2891]  INFO -- : 0:  tzinfo (0.3.38) from /home/wadror/.rbenv/versions/2.0.0-p353/lib/ruby/gems/2.0.0/specifications/tzinfo-0.3.38.gemspec
I, [2014-02-09T20:11:36.354281 #2891]  INFO -- : 0:  activesupport (4.0.2) from /home/wadror/.rbenv/versions/2.0.0-p353/lib/ruby/gems/2.0.0/specifications/activesupport-4.0.2.gemspec
I, [2014-02-09T20:11:36.355676 #2891]  INFO -- : 0:  builder (3.1.4) from /home/wadror/.rbenv/versions/2.0.0-p353/lib/ruby/gems/2.0.0/specifications/builder-3.1.4.gemspec
I, [2014-02-09T20:11:36.357142 #2891]  INFO -- : 0:  erubis (2.7.0) from /home/wadror/.rbenv/versions/2.0.0-p353/lib/ruby/gems/2.0.0/specifications/erubis-2.7.0.gemspec
I, [2014-02-09T20:11:36.358549 #2891]  INFO -- : 0:  rack (1.5.2) from /home/wadror/.rbenv/versions/2.0.0-p353/lib/ruby/gems/2.0.0/specifications/rack-1.5.2.gemspec
I, [2014-02-09T20:11:36.359920 #2891]  INFO -- : 0:  rack-test (0.6.2) from /home/wadror/.rbenv/versions/2.0.0-p353/lib/ruby/gems/2.0.0/specifications/rack-test-0.6.2.gemspec
I, [2014-02-09T20:11:36.361240 #2891]  INFO -- : 0:  actionpack (4.0.2) from /home/wadror/.rbenv/versions/2.0.0-p353/lib/ruby/gems/2.0.0/specifications/actionpack-4.0.2.gemspec
I, [2014-02-09T20:11:36.362552 #2891]  INFO -- : 0:  mime-types (1.25.1) from /home/wadror/.rbenv/versions/2.0.0-p353/lib/ruby/gems/2.0.0/specifications/mime-types-1.25.1.gemspec
I, [2014-02-09T20:11:36.369311 #2891]  INFO -- : 0:  polyglot (0.3.3) from /home/wadror/.rbenv/versions/2.0.0-p353/lib/ruby/gems/2.0.0/specifications/polyglot-0.3.3.gemspec
I, [2014-02-09T20:11:36.370997 #2891]  INFO -- : 0:  treetop (1.4.15) from /home/wadror/.rbenv/versions/2.0.0-p353/lib/ruby/gems/2.0.0/specifications/treetop-1.4.15.gemspec
I, [2014-02-09T20:11:36.372428 #2891]  INFO -- : 0:  mail (2.5.4) from /home/wadror/.rbenv/versions/2.0.0-p353/lib/ruby/gems/2.0.0/specifications/mail-2.5.4.gemspec
I, [2014-02-09T20:11:36.376618 #2891]  INFO -- : 0:  actionmailer (4.0.2) from /home/wadror/.rbenv/versions/2.0.0-p353/lib/ruby/gems/2.0.0/specifications/actionmailer-4.0.2.gemspec
I, [2014-02-09T20:11:36.377793 #2891]  INFO -- : 0:  activemodel (4.0.2) from /home/wadror/.rbenv/versions/2.0.0-p353/lib/ruby/gems/2.0.0/specifications/activemodel-4.0.2.gemspec
I, [2014-02-09T20:11:36.379055 #2891]  INFO -- : 0:  activerecord-deprecated_finders (1.0.3) from /home/wadror/.rbenv/versions/2.0.0-p353/lib/ruby/gems/2.0.0/specifications/activerecord-deprecated_finders-1.0.3.gemspec
I, [2014-02-09T20:11:36.380421 #2891]  INFO -- : 0:  arel (4.0.1) from /home/wadror/.rbenv/versions/2.0.0-p353/lib/ruby/gems/2.0.0/specifications/arel-4.0.1.gemspec
I, [2014-02-09T20:11:36.381819 #2891]  INFO -- : 0:  activerecord (4.0.2) from /home/wadror/.rbenv/versions/2.0.0-p353/lib/ruby/gems/2.0.0/specifications/activerecord-4.0.2.gemspec
I, [2014-02-09T20:11:36.384138 #2891]  INFO -- : 0:  bcrypt-ruby (3.1.2) from /home/wadror/.rbenv/versions/2.0.0-p353/lib/ruby/gems/2.0.0/specifications/bcrypt-ruby-3.1.2.gemspec
I, [2014-02-09T20:11:36.385644 #2891]  INFO -- : 0:  columnize (0.3.6) from /home/wadror/.rbenv/versions/2.0.0-p353/lib/ruby/gems/2.0.0/specifications/columnize-0.3.6.gemspec
I, [2014-02-09T20:11:36.390370 #2891]  INFO -- : 0:  debugger-linecache (1.2.0) from /home/wadror/.rbenv/versions/2.0.0-p353/lib/ruby/gems/2.0.0/specifications/debugger-linecache-1.2.0.gemspec
I, [2014-02-09T20:11:36.391795 #2891]  INFO -- : 0:  byebug (2.5.0) from /home/wadror/.rbenv/versions/2.0.0-p353/lib/ruby/gems/2.0.0/specifications/byebug-2.5.0.gemspec
I, [2014-02-09T20:11:36.393108 #2891]  INFO -- : 0:  coffee-script-source (1.6.3) from /home/wadror/.rbenv/versions/2.0.0-p353/lib/ruby/gems/2.0.0/specifications/coffee-script-source-1.6.3.gemspec
I, [2014-02-09T20:11:36.394762 #2891]  INFO -- : 0:  execjs (2.0.2) from /home/wadror/.rbenv/versions/2.0.0-p353/lib/ruby/gems/2.0.0/specifications/execjs-2.0.2.gemspec
I, [2014-02-09T20:11:36.396155 #2891]  INFO -- : 0:  coffee-script (2.2.0) from /home/wadror/.rbenv/versions/2.0.0-p353/lib/ruby/gems/2.0.0/specifications/coffee-script-2.2.0.gemspec
I, [2014-02-09T20:11:36.397477 #2891]  INFO -- : 0:  thor (0.18.1) from /home/wadror/.rbenv/versions/2.0.0-p353/lib/ruby/gems/2.0.0/specifications/thor-0.18.1.gemspec
I, [2014-02-09T20:11:36.398903 #2891]  INFO -- : 0:  railties (4.0.2) from /home/wadror/.rbenv/versions/2.0.0-p353/lib/ruby/gems/2.0.0/specifications/railties-4.0.2.gemspec
I, [2014-02-09T20:11:36.400258 #2891]  INFO -- : 0:  coffee-rails (4.0.1) from /home/wadror/.rbenv/versions/2.0.0-p353/lib/ruby/gems/2.0.0/specifications/coffee-rails-4.0.1.gemspec
I, [2014-02-09T20:11:36.408096 #2891]  INFO -- : 0:  debugger-ruby_core_source (1.3.1) from /home/wadror/.rbenv/versions/2.0.0-p353/lib/ruby/gems/2.0.0/specifications/debugger-ruby_core_source-1.3.1.gemspec
I, [2014-02-09T20:11:36.409545 #2891]  INFO -- : 0:  debugger (1.6.5) from /home/wadror/.rbenv/versions/2.0.0-p353/lib/ruby/gems/2.0.0/specifications/debugger-1.6.5.gemspec
I, [2014-02-09T20:11:36.410958 #2891]  INFO -- : 0:  hike (1.2.3) from /home/wadror/.rbenv/versions/2.0.0-p353/lib/ruby/gems/2.0.0/specifications/hike-1.2.3.gemspec
I, [2014-02-09T20:11:36.412363 #2891]  INFO -- : 0:  jbuilder (1.5.3) from /home/wadror/.rbenv/versions/2.0.0-p353/lib/ruby/gems/2.0.0/specifications/jbuilder-1.5.3.gemspec
I, [2014-02-09T20:11:36.414760 #2891]  INFO -- : 0:  jquery-rails (3.0.4) from /home/wadror/.rbenv/versions/2.0.0-p353/lib/ruby/gems/2.0.0/specifications/jquery-rails-3.0.4.gemspec
I, [2014-02-09T20:11:36.416719 #2891]  INFO -- : 0:  json (1.8.1) from /home/wadror/.rbenv/versions/2.0.0-p353/lib/ruby/gems/2.0.0/specifications/json-1.8.1.gemspec
I, [2014-02-09T20:11:36.419757 #2891]  INFO -- : 0:  pg (0.17.1) from /home/wadror/.rbenv/versions/2.0.0-p353/lib/ruby/gems/2.0.0/specifications/pg-0.17.1.gemspec
I, [2014-02-09T20:11:36.421203 #2891]  INFO -- : 0:  bundler (1.5.1) from /home/wadror/.rbenv/versions/2.0.0-p353/lib/ruby/gems/2.0.0/specifications/bundler-1.5.1.gemspec
I, [2014-02-09T20:11:36.423668 #2891]  INFO -- : 0:  tilt (1.4.1) from /home/wadror/.rbenv/versions/2.0.0-p353/lib/ruby/gems/2.0.0/specifications/tilt-1.4.1.gemspec
I, [2014-02-09T20:11:36.425143 #2891]  INFO -- : 0:  sprockets (2.10.1) from /home/wadror/.rbenv/versions/2.0.0-p353/lib/ruby/gems/2.0.0/specifications/sprockets-2.10.1.gemspec
I, [2014-02-09T20:11:36.426520 #2891]  INFO -- : 0:  sprockets-rails (2.0.1) from /home/wadror/.rbenv/versions/2.0.0-p353/lib/ruby/gems/2.0.0/specifications/sprockets-rails-2.0.1.gemspec
I, [2014-02-09T20:11:36.427792 #2891]  INFO -- : 0:  rails (4.0.2) from /home/wadror/.rbenv/versions/2.0.0-p353/lib/ruby/gems/2.0.0/specifications/rails-4.0.2.gemspec
I, [2014-02-09T20:11:36.429152 #2891]  INFO -- : 0:  rails_serve_static_assets (0.0.2) from /home/wadror/.rbenv/versions/2.0.0-p353/lib/ruby/gems/2.0.0/specifications/rails_serve_static_assets-0.0.2.gemspec
I, [2014-02-09T20:11:36.430553 #2891]  INFO -- : 0:  rails_stdout_logging (0.0.3) from /home/wadror/.rbenv/versions/2.0.0-p353/lib/ruby/gems/2.0.0/specifications/rails_stdout_logging-0.0.3.gemspec
I, [2014-02-09T20:11:36.435062 #2891]  INFO -- : 0:  rails_12factor (0.0.2) from /home/wadror/.rbenv/versions/2.0.0-p353/lib/ruby/gems/2.0.0/specifications/rails_12factor-0.0.2.gemspec
I, [2014-02-09T20:11:36.439452 #2891]  INFO -- : 0:  rdoc (3.12.2) from /home/wadror/.rbenv/versions/2.0.0-p353/lib/ruby/gems/2.0.0/specifications/rdoc-3.12.2.gemspec
I, [2014-02-09T20:11:36.440836 #2891]  INFO -- : 0:  sass (3.2.13) from /home/wadror/.rbenv/versions/2.0.0-p353/lib/ruby/gems/2.0.0/specifications/sass-3.2.13.gemspec
I, [2014-02-09T20:11:36.442368 #2891]  INFO -- : 0:  sass-rails (4.0.1) from /home/wadror/.rbenv/versions/2.0.0-p353/lib/ruby/gems/2.0.0/specifications/sass-rails-4.0.1.gemspec
I, [2014-02-09T20:11:36.445623 #2891]  INFO -- : 0:  sdoc (0.3.20) from /home/wadror/.rbenv/versions/2.0.0-p353/lib/ruby/gems/2.0.0/specifications/sdoc-0.3.20.gemspec
I, [2014-02-09T20:11:36.447209 #2891]  INFO -- : 0:  sqlite3 (1.3.8) from /home/wadror/.rbenv/versions/2.0.0-p353/lib/ruby/gems/2.0.0/specifications/sqlite3-1.3.8.gemspec
I, [2014-02-09T20:11:36.449739 #2891]  INFO -- : 0:  turbolinks (2.1.0) from /home/wadror/.rbenv/versions/2.0.0-p353/lib/ruby/gems/2.0.0/specifications/turbolinks-2.1.0.gemspec
I, [2014-02-09T20:11:36.451360 #2891]  INFO -- : 0:  uglifier (2.4.0) from /home/wadror/.rbenv/versions/2.0.0-p353/lib/ruby/gems/2.0.0/specifications/uglifier-2.4.0.gemspec
I, [2014-02-09T20:19:12.701431 #2987]  INFO -- : 0:  rake (10.1.1) from /home/wadror/.rbenv/versions/2.0.0-p353/lib/ruby/gems/2.0.0/specifications/rake-10.1.1.gemspec
I, [2014-02-09T20:19:12.704991 #2987]  INFO -- : 0:  i18n (0.6.9) from /home/wadror/.rbenv/versions/2.0.0-p353/lib/ruby/gems/2.0.0/specifications/i18n-0.6.9.gemspec
I, [2014-02-09T20:19:12.706396 #2987]  INFO -- : 0:  minitest (4.7.5) from /home/wadror/.rbenv/versions/2.0.0-p353/lib/ruby/gems/2.0.0/specifications/minitest-4.7.5.gemspec
I, [2014-02-09T20:19:12.707851 #2987]  INFO -- : 0:  multi_json (1.8.4) from /home/wadror/.rbenv/versions/2.0.0-p353/lib/ruby/gems/2.0.0/specifications/multi_json-1.8.4.gemspec
I, [2014-02-09T20:19:12.715807 #2987]  INFO -- : 0:  atomic (1.1.14) from /home/wadror/.rbenv/versions/2.0.0-p353/lib/ruby/gems/2.0.0/specifications/atomic-1.1.14.gemspec
I, [2014-02-09T20:19:12.717249 #2987]  INFO -- : 0:  thread_safe (0.1.3) from /home/wadror/.rbenv/versions/2.0.0-p353/lib/ruby/gems/2.0.0/specifications/thread_safe-0.1.3.gemspec
I, [2014-02-09T20:19:12.718759 #2987]  INFO -- : 0:  tzinfo (0.3.38) from /home/wadror/.rbenv/versions/2.0.0-p353/lib/ruby/gems/2.0.0/specifications/tzinfo-0.3.38.gemspec
I, [2014-02-09T20:19:12.720111 #2987]  INFO -- : 0:  activesupport (4.0.2) from /home/wadror/.rbenv/versions/2.0.0-p353/lib/ruby/gems/2.0.0/specifications/activesupport-4.0.2.gemspec
I, [2014-02-09T20:19:12.721636 #2987]  INFO -- : 0:  builder (3.1.4) from /home/wadror/.rbenv/versions/2.0.0-p353/lib/ruby/gems/2.0.0/specifications/builder-3.1.4.gemspec
I, [2014-02-09T20:19:12.726988 #2987]  INFO -- : 0:  erubis (2.7.0) from /home/wadror/.rbenv/versions/2.0.0-p353/lib/ruby/gems/2.0.0/specifications/erubis-2.7.0.gemspec
I, [2014-02-09T20:19:12.728420 #2987]  INFO -- : 0:  rack (1.5.2) from /home/wadror/.rbenv/versions/2.0.0-p353/lib/ruby/gems/2.0.0/specifications/rack-1.5.2.gemspec
I, [2014-02-09T20:19:12.729750 #2987]  INFO -- : 0:  rack-test (0.6.2) from /home/wadror/.rbenv/versions/2.0.0-p353/lib/ruby/gems/2.0.0/specifications/rack-test-0.6.2.gemspec
I, [2014-02-09T20:19:12.731857 #2987]  INFO -- : 0:  actionpack (4.0.2) from /home/wadror/.rbenv/versions/2.0.0-p353/lib/ruby/gems/2.0.0/specifications/actionpack-4.0.2.gemspec
I, [2014-02-09T20:19:12.733297 #2987]  INFO -- : 0:  mime-types (1.25.1) from /home/wadror/.rbenv/versions/2.0.0-p353/lib/ruby/gems/2.0.0/specifications/mime-types-1.25.1.gemspec
I, [2014-02-09T20:19:12.736138 #2987]  INFO -- : 0:  polyglot (0.3.3) from /home/wadror/.rbenv/versions/2.0.0-p353/lib/ruby/gems/2.0.0/specifications/polyglot-0.3.3.gemspec
I, [2014-02-09T20:19:12.737665 #2987]  INFO -- : 0:  treetop (1.4.15) from /home/wadror/.rbenv/versions/2.0.0-p353/lib/ruby/gems/2.0.0/specifications/treetop-1.4.15.gemspec
I, [2014-02-09T20:19:12.741062 #2987]  INFO -- : 0:  mail (2.5.4) from /home/wadror/.rbenv/versions/2.0.0-p353/lib/ruby/gems/2.0.0/specifications/mail-2.5.4.gemspec
I, [2014-02-09T20:19:12.744315 #2987]  INFO -- : 0:  actionmailer (4.0.2) from /home/wadror/.rbenv/versions/2.0.0-p353/lib/ruby/gems/2.0.0/specifications/actionmailer-4.0.2.gemspec
I, [2014-02-09T20:19:12.745378 #2987]  INFO -- : 0:  activemodel (4.0.2) from /home/wadror/.rbenv/versions/2.0.0-p353/lib/ruby/gems/2.0.0/specifications/activemodel-4.0.2.gemspec
I, [2014-02-09T20:19:12.747050 #2987]  INFO -- : 0:  activerecord-deprecated_finders (1.0.3) from /home/wadror/.rbenv/versions/2.0.0-p353/lib/ruby/gems/2.0.0/specifications/activerecord-deprecated_finders-1.0.3.gemspec
I, [2014-02-09T20:19:14.130671 #2987]  INFO -- : 0:  arel (4.0.2) from /home/wadror/.rbenv/versions/2.0.0-p353/lib/ruby/gems/2.0.0/specifications/arel-4.0.2.gemspec
I, [2014-02-09T20:19:14.132326 #2987]  INFO -- : 0:  activerecord (4.0.2) from /home/wadror/.rbenv/versions/2.0.0-p353/lib/ruby/gems/2.0.0/specifications/activerecord-4.0.2.gemspec
I, [2014-02-09T20:19:14.133633 #2987]  INFO -- : 0:  bcrypt-ruby (3.1.2) from /home/wadror/.rbenv/versions/2.0.0-p353/lib/ruby/gems/2.0.0/specifications/bcrypt-ruby-3.1.2.gemspec
I, [2014-02-09T20:19:14.135031 #2987]  INFO -- : 0:  bundler (1.5.1) from /home/wadror/.rbenv/versions/2.0.0-p353/lib/ruby/gems/2.0.0/specifications/bundler-1.5.1.gemspec
I, [2014-02-09T20:19:14.136410 #2987]  INFO -- : 0:  columnize (0.3.6) from /home/wadror/.rbenv/versions/2.0.0-p353/lib/ruby/gems/2.0.0/specifications/columnize-0.3.6.gemspec
I, [2014-02-09T20:19:14.137817 #2987]  INFO -- : 0:  debugger-linecache (1.2.0) from /home/wadror/.rbenv/versions/2.0.0-p353/lib/ruby/gems/2.0.0/specifications/debugger-linecache-1.2.0.gemspec
I, [2014-02-09T20:19:16.933623 #2987]  INFO -- : 0:  byebug (2.6.0) from /home/wadror/.rbenv/versions/2.0.0-p353/lib/ruby/gems/2.0.0/specifications/byebug-2.6.0.gemspec
I, [2014-02-09T20:19:18.385286 #2987]  INFO -- : 0:  coffee-script-source (1.7.0) from /home/wadror/.rbenv/versions/2.0.0-p353/lib/ruby/gems/2.0.0/specifications/coffee-script-source-1.7.0.gemspec
I, [2014-02-09T20:19:18.386985 #2987]  INFO -- : 0:  execjs (2.0.2) from /home/wadror/.rbenv/versions/2.0.0-p353/lib/ruby/gems/2.0.0/specifications/execjs-2.0.2.gemspec
I, [2014-02-09T20:19:18.388532 #2987]  INFO -- : 0:  coffee-script (2.2.0) from /home/wadror/.rbenv/versions/2.0.0-p353/lib/ruby/gems/2.0.0/specifications/coffee-script-2.2.0.gemspec
I, [2014-02-09T20:19:18.389908 #2987]  INFO -- : 0:  thor (0.18.1) from /home/wadror/.rbenv/versions/2.0.0-p353/lib/ruby/gems/2.0.0/specifications/thor-0.18.1.gemspec
I, [2014-02-09T20:19:18.391288 #2987]  INFO -- : 0:  railties (4.0.2) from /home/wadror/.rbenv/versions/2.0.0-p353/lib/ruby/gems/2.0.0/specifications/railties-4.0.2.gemspec
I, [2014-02-09T20:19:18.392647 #2987]  INFO -- : 0:  coffee-rails (4.0.1) from /home/wadror/.rbenv/versions/2.0.0-p353/lib/ruby/gems/2.0.0/specifications/coffee-rails-4.0.1.gemspec
I, [2014-02-09T20:19:18.394082 #2987]  INFO -- : 0:  debugger-ruby_core_source (1.3.1) from /home/wadror/.rbenv/versions/2.0.0-p353/lib/ruby/gems/2.0.0/specifications/debugger-ruby_core_source-1.3.1.gemspec
I, [2014-02-09T20:19:18.398421 #2987]  INFO -- : 0:  debugger (1.6.5) from /home/wadror/.rbenv/versions/2.0.0-p353/lib/ruby/gems/2.0.0/specifications/debugger-1.6.5.gemspec
I, [2014-02-09T20:19:18.400509 #2987]  INFO -- : 0:  hike (1.2.3) from /home/wadror/.rbenv/versions/2.0.0-p353/lib/ruby/gems/2.0.0/specifications/hike-1.2.3.gemspec
I, [2014-02-09T20:19:18.401853 #2987]  INFO -- : 0:  jbuilder (1.5.3) from /home/wadror/.rbenv/versions/2.0.0-p353/lib/ruby/gems/2.0.0/specifications/jbuilder-1.5.3.gemspec
I, [2014-02-09T20:19:19.858969 #2987]  INFO -- : 0:  jquery-rails (3.1.0) from /home/wadror/.rbenv/versions/2.0.0-p353/lib/ruby/gems/2.0.0/specifications/jquery-rails-3.1.0.gemspec
I, [2014-02-09T20:19:19.860545 #2987]  INFO -- : 0:  json (1.8.1) from /home/wadror/.rbenv/versions/2.0.0-p353/lib/ruby/gems/2.0.0/specifications/json-1.8.1.gemspec
I, [2014-02-09T20:19:19.861985 #2987]  INFO -- : 0:  pg (0.17.1) from /home/wadror/.rbenv/versions/2.0.0-p353/lib/ruby/gems/2.0.0/specifications/pg-0.17.1.gemspec
I, [2014-02-09T20:19:19.864332 #2987]  INFO -- : 0:  tilt (1.4.1) from /home/wadror/.rbenv/versions/2.0.0-p353/lib/ruby/gems/2.0.0/specifications/tilt-1.4.1.gemspec
I, [2014-02-09T20:19:19.865722 #2987]  INFO -- : 0:  sprockets (2.10.1) from /home/wadror/.rbenv/versions/2.0.0-p353/lib/ruby/gems/2.0.0/specifications/sprockets-2.10.1.gemspec
I, [2014-02-09T20:19:19.867328 #2987]  INFO -- : 0:  sprockets-rails (2.0.1) from /home/wadror/.rbenv/versions/2.0.0-p353/lib/ruby/gems/2.0.0/specifications/sprockets-rails-2.0.1.gemspec
I, [2014-02-09T20:19:19.871412 #2987]  INFO -- : 0:  rails (4.0.2) from /home/wadror/.rbenv/versions/2.0.0-p353/lib/ruby/gems/2.0.0/specifications/rails-4.0.2.gemspec
I, [2014-02-09T20:19:19.872763 #2987]  INFO -- : 0:  rails_serve_static_assets (0.0.2) from /home/wadror/.rbenv/versions/2.0.0-p353/lib/ruby/gems/2.0.0/specifications/rails_serve_static_assets-0.0.2.gemspec
I, [2014-02-09T20:19:19.874158 #2987]  INFO -- : 0:  rails_stdout_logging (0.0.3) from /home/wadror/.rbenv/versions/2.0.0-p353/lib/ruby/gems/2.0.0/specifications/rails_stdout_logging-0.0.3.gemspec
I, [2014-02-09T20:19:19.875174 #2987]  INFO -- : 0:  rails_12factor (0.0.2) from /home/wadror/.rbenv/versions/2.0.0-p353/lib/ruby/gems/2.0.0/specifications/rails_12factor-0.0.2.gemspec
I, [2014-02-09T20:19:19.876484 #2987]  INFO -- : 0:  rdoc (4.1.1) from /home/wadror/.rbenv/versions/2.0.0-p353/lib/ruby/gems/2.0.0/specifications/rdoc-4.1.1.gemspec
I, [2014-02-09T20:19:21.782312 #2987]  INFO -- : 0:  sass (3.2.14) from /home/wadror/.rbenv/versions/2.0.0-p353/lib/ruby/gems/2.0.0/specifications/sass-3.2.14.gemspec
I, [2014-02-09T20:19:21.783937 #2987]  INFO -- : 0:  sass-rails (4.0.1) from /home/wadror/.rbenv/versions/2.0.0-p353/lib/ruby/gems/2.0.0/specifications/sass-rails-4.0.1.gemspec
I, [2014-02-09T20:19:21.785311 #2987]  INFO -- : 0:  sdoc (0.4.0) from /home/wadror/.rbenv/versions/2.0.0-p353/lib/ruby/gems/2.0.0/specifications/sdoc-0.4.0.gemspec
I, [2014-02-09T20:19:21.786925 #2987]  INFO -- : 0:  sqlite3 (1.3.8) from /home/wadror/.rbenv/versions/2.0.0-p353/lib/ruby/gems/2.0.0/specifications/sqlite3-1.3.8.gemspec
I, [2014-02-09T20:19:22.916989 #2987]  INFO -- : 0:  turbolinks (2.2.1) from /home/wadror/.rbenv/versions/2.0.0-p353/lib/ruby/gems/2.0.0/specifications/turbolinks-2.2.1.gemspec
I, [2014-02-09T20:19:22.918587 #2987]  INFO -- : 0:  uglifier (2.4.0) from /home/wadror/.rbenv/versions/2.0.0-p353/lib/ruby/gems/2.0.0/specifications/uglifier-2.4.0.gemspec
I, [2014-02-09T20:30:28.692690 #2081]  INFO -- : 0:  rake (10.1.1) from /home/wadror/.rbenv/versions/2.0.0-p353/lib/ruby/gems/2.0.0/specifications/rake-10.1.1.gemspec
I, [2014-02-09T20:30:28.712891 #2081]  INFO -- : 0:  i18n (0.6.9) from /home/wadror/.rbenv/versions/2.0.0-p353/lib/ruby/gems/2.0.0/specifications/i18n-0.6.9.gemspec
I, [2014-02-09T20:30:28.713272 #2081]  INFO -- : 0:  minitest (4.7.5) from /home/wadror/.rbenv/versions/2.0.0-p353/lib/ruby/gems/2.0.0/specifications/minitest-4.7.5.gemspec
I, [2014-02-09T20:30:28.713559 #2081]  INFO -- : 0:  multi_json (1.8.4) from /home/wadror/.rbenv/versions/2.0.0-p353/lib/ruby/gems/2.0.0/specifications/multi_json-1.8.4.gemspec
I, [2014-02-09T20:30:28.713881 #2081]  INFO -- : 0:  atomic (1.1.14) from /home/wadror/.rbenv/versions/2.0.0-p353/lib/ruby/gems/2.0.0/specifications/atomic-1.1.14.gemspec
I, [2014-02-09T20:30:28.714166 #2081]  INFO -- : 0:  thread_safe (0.1.3) from /home/wadror/.rbenv/versions/2.0.0-p353/lib/ruby/gems/2.0.0/specifications/thread_safe-0.1.3.gemspec
I, [2014-02-09T20:30:28.714492 #2081]  INFO -- : 0:  tzinfo (0.3.38) from /home/wadror/.rbenv/versions/2.0.0-p353/lib/ruby/gems/2.0.0/specifications/tzinfo-0.3.38.gemspec
I, [2014-02-09T20:30:28.714807 #2081]  INFO -- : 0:  activesupport (4.0.2) from /home/wadror/.rbenv/versions/2.0.0-p353/lib/ruby/gems/2.0.0/specifications/activesupport-4.0.2.gemspec
I, [2014-02-09T20:30:28.715099 #2081]  INFO -- : 0:  builder (3.1.4) from /home/wadror/.rbenv/versions/2.0.0-p353/lib/ruby/gems/2.0.0/specifications/builder-3.1.4.gemspec
I, [2014-02-09T20:30:28.715414 #2081]  INFO -- : 0:  erubis (2.7.0) from /home/wadror/.rbenv/versions/2.0.0-p353/lib/ruby/gems/2.0.0/specifications/erubis-2.7.0.gemspec
I, [2014-02-09T20:30:28.717115 #2081]  INFO -- : 0:  rack (1.5.2) from /home/wadror/.rbenv/versions/2.0.0-p353/lib/ruby/gems/2.0.0/specifications/rack-1.5.2.gemspec
I, [2014-02-09T20:30:28.717762 #2081]  INFO -- : 0:  rack-test (0.6.2) from /home/wadror/.rbenv/versions/2.0.0-p353/lib/ruby/gems/2.0.0/specifications/rack-test-0.6.2.gemspec
I, [2014-02-09T20:30:28.718427 #2081]  INFO -- : 0:  actionpack (4.0.2) from /home/wadror/.rbenv/versions/2.0.0-p353/lib/ruby/gems/2.0.0/specifications/actionpack-4.0.2.gemspec
I, [2014-02-09T20:30:28.719069 #2081]  INFO -- : 0:  mime-types (1.25.1) from /home/wadror/.rbenv/versions/2.0.0-p353/lib/ruby/gems/2.0.0/specifications/mime-types-1.25.1.gemspec
I, [2014-02-09T20:30:28.719793 #2081]  INFO -- : 0:  polyglot (0.3.3) from /home/wadror/.rbenv/versions/2.0.0-p353/lib/ruby/gems/2.0.0/specifications/polyglot-0.3.3.gemspec
I, [2014-02-09T20:30:28.720524 #2081]  INFO -- : 0:  treetop (1.4.15) from /home/wadror/.rbenv/versions/2.0.0-p353/lib/ruby/gems/2.0.0/specifications/treetop-1.4.15.gemspec
I, [2014-02-09T20:30:28.721164 #2081]  INFO -- : 0:  mail (2.5.4) from /home/wadror/.rbenv/versions/2.0.0-p353/lib/ruby/gems/2.0.0/specifications/mail-2.5.4.gemspec
I, [2014-02-09T20:30:28.721806 #2081]  INFO -- : 0:  actionmailer (4.0.2) from /home/wadror/.rbenv/versions/2.0.0-p353/lib/ruby/gems/2.0.0/specifications/actionmailer-4.0.2.gemspec
I, [2014-02-09T20:30:28.722592 #2081]  INFO -- : 0:  activemodel (4.0.2) from /home/wadror/.rbenv/versions/2.0.0-p353/lib/ruby/gems/2.0.0/specifications/activemodel-4.0.2.gemspec
I, [2014-02-09T20:30:28.723354 #2081]  INFO -- : 0:  activerecord-deprecated_finders (1.0.3) from /home/wadror/.rbenv/versions/2.0.0-p353/lib/ruby/gems/2.0.0/specifications/activerecord-deprecated_finders-1.0.3.gemspec
I, [2014-02-09T20:30:28.723896 #2081]  INFO -- : 0:  arel (4.0.2) from /home/wadror/.rbenv/versions/2.0.0-p353/lib/ruby/gems/2.0.0/specifications/arel-4.0.2.gemspec
I, [2014-02-09T20:30:28.724548 #2081]  INFO -- : 0:  activerecord (4.0.2) from /home/wadror/.rbenv/versions/2.0.0-p353/lib/ruby/gems/2.0.0/specifications/activerecord-4.0.2.gemspec
I, [2014-02-09T20:30:28.725180 #2081]  INFO -- : 0:  bundler (1.5.1) from /home/wadror/.rbenv/versions/2.0.0-p353/lib/ruby/gems/2.0.0/specifications/bundler-1.5.1.gemspec
I, [2014-02-09T20:30:28.726084 #2081]  INFO -- : 0:  columnize (0.3.6) from /home/wadror/.rbenv/versions/2.0.0-p353/lib/ruby/gems/2.0.0/specifications/columnize-0.3.6.gemspec
I, [2014-02-09T20:30:28.731914 #2081]  INFO -- : 0:  debugger-linecache (1.2.0) from /home/wadror/.rbenv/versions/2.0.0-p353/lib/ruby/gems/2.0.0/specifications/debugger-linecache-1.2.0.gemspec
I, [2014-02-09T20:30:28.734827 #2081]  INFO -- : 0:  byebug (2.6.0) from /home/wadror/.rbenv/versions/2.0.0-p353/lib/ruby/gems/2.0.0/specifications/byebug-2.6.0.gemspec
I, [2014-02-09T20:30:28.735589 #2081]  INFO -- : 0:  coffee-script-source (1.7.0) from /home/wadror/.rbenv/versions/2.0.0-p353/lib/ruby/gems/2.0.0/specifications/coffee-script-source-1.7.0.gemspec
I, [2014-02-09T20:30:28.736319 #2081]  INFO -- : 0:  execjs (2.0.2) from /home/wadror/.rbenv/versions/2.0.0-p353/lib/ruby/gems/2.0.0/specifications/execjs-2.0.2.gemspec
I, [2014-02-09T20:30:28.737012 #2081]  INFO -- : 0:  coffee-script (2.2.0) from /home/wadror/.rbenv/versions/2.0.0-p353/lib/ruby/gems/2.0.0/specifications/coffee-script-2.2.0.gemspec
I, [2014-02-09T20:30:28.739714 #2081]  INFO -- : 0:  thor (0.18.1) from /home/wadror/.rbenv/versions/2.0.0-p353/lib/ruby/gems/2.0.0/specifications/thor-0.18.1.gemspec
I, [2014-02-09T20:30:28.740566 #2081]  INFO -- : 0:  railties (4.0.2) from /home/wadror/.rbenv/versions/2.0.0-p353/lib/ruby/gems/2.0.0/specifications/railties-4.0.2.gemspec
I, [2014-02-09T20:30:28.741316 #2081]  INFO -- : 0:  coffee-rails (4.0.1) from /home/wadror/.rbenv/versions/2.0.0-p353/lib/ruby/gems/2.0.0/specifications/coffee-rails-4.0.1.gemspec
I, [2014-02-09T20:30:28.743012 #2081]  INFO -- : 0:  hike (1.2.3) from /home/wadror/.rbenv/versions/2.0.0-p353/lib/ruby/gems/2.0.0/specifications/hike-1.2.3.gemspec
I, [2014-02-09T20:30:28.743795 #2081]  INFO -- : 0:  jbuilder (1.5.3) from /home/wadror/.rbenv/versions/2.0.0-p353/lib/ruby/gems/2.0.0/specifications/jbuilder-1.5.3.gemspec
I, [2014-02-09T20:30:28.744502 #2081]  INFO -- : 0:  jquery-rails (3.1.0) from /home/wadror/.rbenv/versions/2.0.0-p353/lib/ruby/gems/2.0.0/specifications/jquery-rails-3.1.0.gemspec
I, [2014-02-09T20:30:28.745295 #2081]  INFO -- : 0:  json (1.8.1) from /home/wadror/.rbenv/versions/2.0.0-p353/lib/ruby/gems/2.0.0/specifications/json-1.8.1.gemspec
I, [2014-02-09T20:30:28.746004 #2081]  INFO -- : 0:  libv8 (3.16.14.3) from /home/wadror/.rbenv/versions/2.0.0-p353/lib/ruby/gems/2.0.0/specifications/libv8-3.16.14.3.gemspec
I, [2014-02-09T20:30:28.746693 #2081]  INFO -- : 0:  pg (0.17.1) from /home/wadror/.rbenv/versions/2.0.0-p353/lib/ruby/gems/2.0.0/specifications/pg-0.17.1.gemspec
I, [2014-02-09T20:30:28.747381 #2081]  INFO -- : 0:  tilt (1.4.1) from /home/wadror/.rbenv/versions/2.0.0-p353/lib/ruby/gems/2.0.0/specifications/tilt-1.4.1.gemspec
I, [2014-02-09T20:30:28.748016 #2081]  INFO -- : 0:  sprockets (2.10.1) from /home/wadror/.rbenv/versions/2.0.0-p353/lib/ruby/gems/2.0.0/specifications/sprockets-2.10.1.gemspec
I, [2014-02-09T20:30:28.748701 #2081]  INFO -- : 0:  sprockets-rails (2.0.1) from /home/wadror/.rbenv/versions/2.0.0-p353/lib/ruby/gems/2.0.0/specifications/sprockets-rails-2.0.1.gemspec
I, [2014-02-09T20:30:28.749476 #2081]  INFO -- : 0:  rails (4.0.2) from /home/wadror/.rbenv/versions/2.0.0-p353/lib/ruby/gems/2.0.0/specifications/rails-4.0.2.gemspec
I, [2014-02-09T20:30:28.750190 #2081]  INFO -- : 0:  rails_serve_static_assets (0.0.2) from /home/wadror/.rbenv/versions/2.0.0-p353/lib/ruby/gems/2.0.0/specifications/rails_serve_static_assets-0.0.2.gemspec
I, [2014-02-09T20:30:28.750913 #2081]  INFO -- : 0:  rails_stdout_logging (0.0.3) from /home/wadror/.rbenv/versions/2.0.0-p353/lib/ruby/gems/2.0.0/specifications/rails_stdout_logging-0.0.3.gemspec
I, [2014-02-09T20:30:28.751657 #2081]  INFO -- : 0:  rails_12factor (0.0.2) from /home/wadror/.rbenv/versions/2.0.0-p353/lib/ruby/gems/2.0.0/specifications/rails_12factor-0.0.2.gemspec
I, [2014-02-09T20:30:28.752368 #2081]  INFO -- : 0:  rdoc (4.1.1) from /home/wadror/.rbenv/versions/2.0.0-p353/lib/ruby/gems/2.0.0/specifications/rdoc-4.1.1.gemspec
I, [2014-02-09T20:30:28.753051 #2081]  INFO -- : 0:  ref (1.0.5) from /home/wadror/.rbenv/versions/2.0.0-p353/lib/ruby/gems/2.0.0/specifications/ref-1.0.5.gemspec
I, [2014-02-09T20:30:28.753767 #2081]  INFO -- : 0:  sass (3.2.14) from /home/wadror/.rbenv/versions/2.0.0-p353/lib/ruby/gems/2.0.0/specifications/sass-3.2.14.gemspec
I, [2014-02-09T20:30:28.754460 #2081]  INFO -- : 0:  sass-rails (4.0.1) from /home/wadror/.rbenv/versions/2.0.0-p353/lib/ruby/gems/2.0.0/specifications/sass-rails-4.0.1.gemspec
I, [2014-02-09T20:30:28.755164 #2081]  INFO -- : 0:  sdoc (0.4.0) from /home/wadror/.rbenv/versions/2.0.0-p353/lib/ruby/gems/2.0.0/specifications/sdoc-0.4.0.gemspec
I, [2014-02-09T20:30:28.755938 #2081]  INFO -- : 0:  sqlite3 (1.3.8) from /home/wadror/.rbenv/versions/2.0.0-p353/lib/ruby/gems/2.0.0/specifications/sqlite3-1.3.8.gemspec
I, [2014-02-09T20:30:28.756748 #2081]  INFO -- : 0:  therubyracer (0.12.0) from /home/wadror/.rbenv/versions/2.0.0-p353/lib/ruby/gems/2.0.0/specifications/therubyracer-0.12.0.gemspec
I, [2014-02-09T20:30:28.764014 #2081]  INFO -- : 0:  turbolinks (2.2.1) from /home/wadror/.rbenv/versions/2.0.0-p353/lib/ruby/gems/2.0.0/specifications/turbolinks-2.2.1.gemspec
I, [2014-02-09T20:30:28.764862 #2081]  INFO -- : 0:  uglifier (2.4.0) from /home/wadror/.rbenv/versions/2.0.0-p353/lib/ruby/gems/2.0.0/specifications/uglifier-2.4.0.gemspec
I, [2014-02-09T20:30:51.197623 #2116]  INFO -- : 0:  rake (10.1.1) from /home/wadror/.rbenv/versions/2.0.0-p353/lib/ruby/gems/2.0.0/specifications/rake-10.1.1.gemspec
I, [2014-02-09T20:30:51.198472 #2116]  INFO -- : 0:  i18n (0.6.9) from /home/wadror/.rbenv/versions/2.0.0-p353/lib/ruby/gems/2.0.0/specifications/i18n-0.6.9.gemspec
I, [2014-02-09T20:30:51.199238 #2116]  INFO -- : 0:  minitest (4.7.5) from /home/wadror/.rbenv/versions/2.0.0-p353/lib/ruby/gems/2.0.0/specifications/minitest-4.7.5.gemspec
I, [2014-02-09T20:30:51.199942 #2116]  INFO -- : 0:  multi_json (1.8.4) from /home/wadror/.rbenv/versions/2.0.0-p353/lib/ruby/gems/2.0.0/specifications/multi_json-1.8.4.gemspec
I, [2014-02-09T20:30:51.200613 #2116]  INFO -- : 0:  atomic (1.1.14) from /home/wadror/.rbenv/versions/2.0.0-p353/lib/ruby/gems/2.0.0/specifications/atomic-1.1.14.gemspec
I, [2014-02-09T20:30:51.201237 #2116]  INFO -- : 0:  thread_safe (0.1.3) from /home/wadror/.rbenv/versions/2.0.0-p353/lib/ruby/gems/2.0.0/specifications/thread_safe-0.1.3.gemspec
I, [2014-02-09T20:30:51.202067 #2116]  INFO -- : 0:  tzinfo (0.3.38) from /home/wadror/.rbenv/versions/2.0.0-p353/lib/ruby/gems/2.0.0/specifications/tzinfo-0.3.38.gemspec
I, [2014-02-09T20:30:51.202728 #2116]  INFO -- : 0:  activesupport (4.0.2) from /home/wadror/.rbenv/versions/2.0.0-p353/lib/ruby/gems/2.0.0/specifications/activesupport-4.0.2.gemspec
I, [2014-02-09T20:30:51.203372 #2116]  INFO -- : 0:  builder (3.1.4) from /home/wadror/.rbenv/versions/2.0.0-p353/lib/ruby/gems/2.0.0/specifications/builder-3.1.4.gemspec
I, [2014-02-09T20:30:51.203932 #2116]  INFO -- : 0:  erubis (2.7.0) from /home/wadror/.rbenv/versions/2.0.0-p353/lib/ruby/gems/2.0.0/specifications/erubis-2.7.0.gemspec
I, [2014-02-09T20:30:51.204704 #2116]  INFO -- : 0:  rack (1.5.2) from /home/wadror/.rbenv/versions/2.0.0-p353/lib/ruby/gems/2.0.0/specifications/rack-1.5.2.gemspec
I, [2014-02-09T20:30:51.205416 #2116]  INFO -- : 0:  rack-test (0.6.2) from /home/wadror/.rbenv/versions/2.0.0-p353/lib/ruby/gems/2.0.0/specifications/rack-test-0.6.2.gemspec
I, [2014-02-09T20:30:51.206034 #2116]  INFO -- : 0:  actionpack (4.0.2) from /home/wadror/.rbenv/versions/2.0.0-p353/lib/ruby/gems/2.0.0/specifications/actionpack-4.0.2.gemspec
I, [2014-02-09T20:30:51.206706 #2116]  INFO -- : 0:  mime-types (1.25.1) from /home/wadror/.rbenv/versions/2.0.0-p353/lib/ruby/gems/2.0.0/specifications/mime-types-1.25.1.gemspec
I, [2014-02-09T20:30:51.207341 #2116]  INFO -- : 0:  polyglot (0.3.3) from /home/wadror/.rbenv/versions/2.0.0-p353/lib/ruby/gems/2.0.0/specifications/polyglot-0.3.3.gemspec
I, [2014-02-09T20:30:51.207847 #2116]  INFO -- : 0:  treetop (1.4.15) from /home/wadror/.rbenv/versions/2.0.0-p353/lib/ruby/gems/2.0.0/specifications/treetop-1.4.15.gemspec
I, [2014-02-09T20:30:51.208465 #2116]  INFO -- : 0:  mail (2.5.4) from /home/wadror/.rbenv/versions/2.0.0-p353/lib/ruby/gems/2.0.0/specifications/mail-2.5.4.gemspec
I, [2014-02-09T20:30:51.209117 #2116]  INFO -- : 0:  actionmailer (4.0.2) from /home/wadror/.rbenv/versions/2.0.0-p353/lib/ruby/gems/2.0.0/specifications/actionmailer-4.0.2.gemspec
I, [2014-02-09T20:30:51.209753 #2116]  INFO -- : 0:  activemodel (4.0.2) from /home/wadror/.rbenv/versions/2.0.0-p353/lib/ruby/gems/2.0.0/specifications/activemodel-4.0.2.gemspec
I, [2014-02-09T20:30:51.210397 #2116]  INFO -- : 0:  activerecord-deprecated_finders (1.0.3) from /home/wadror/.rbenv/versions/2.0.0-p353/lib/ruby/gems/2.0.0/specifications/activerecord-deprecated_finders-1.0.3.gemspec
I, [2014-02-09T20:30:51.211046 #2116]  INFO -- : 0:  arel (4.0.2) from /home/wadror/.rbenv/versions/2.0.0-p353/lib/ruby/gems/2.0.0/specifications/arel-4.0.2.gemspec
I, [2014-02-09T20:30:51.211730 #2116]  INFO -- : 0:  activerecord (4.0.2) from /home/wadror/.rbenv/versions/2.0.0-p353/lib/ruby/gems/2.0.0/specifications/activerecord-4.0.2.gemspec
I, [2014-02-09T20:30:51.216667 #2116]  INFO -- : 0:  bundler (1.5.1) from /home/wadror/.rbenv/versions/2.0.0-p353/lib/ruby/gems/2.0.0/specifications/bundler-1.5.1.gemspec
I, [2014-02-09T20:30:51.220111 #2116]  INFO -- : 0:  columnize (0.3.6) from /home/wadror/.rbenv/versions/2.0.0-p353/lib/ruby/gems/2.0.0/specifications/columnize-0.3.6.gemspec
I, [2014-02-09T20:30:51.220791 #2116]  INFO -- : 0:  debugger-linecache (1.2.0) from /home/wadror/.rbenv/versions/2.0.0-p353/lib/ruby/gems/2.0.0/specifications/debugger-linecache-1.2.0.gemspec
I, [2014-02-09T20:30:51.221405 #2116]  INFO -- : 0:  byebug (2.6.0) from /home/wadror/.rbenv/versions/2.0.0-p353/lib/ruby/gems/2.0.0/specifications/byebug-2.6.0.gemspec
I, [2014-02-09T20:30:51.222062 #2116]  INFO -- : 0:  coffee-script-source (1.7.0) from /home/wadror/.rbenv/versions/2.0.0-p353/lib/ruby/gems/2.0.0/specifications/coffee-script-source-1.7.0.gemspec
I, [2014-02-09T20:30:51.222721 #2116]  INFO -- : 0:  execjs (2.0.2) from /home/wadror/.rbenv/versions/2.0.0-p353/lib/ruby/gems/2.0.0/specifications/execjs-2.0.2.gemspec
I, [2014-02-09T20:30:51.223365 #2116]  INFO -- : 0:  coffee-script (2.2.0) from /home/wadror/.rbenv/versions/2.0.0-p353/lib/ruby/gems/2.0.0/specifications/coffee-script-2.2.0.gemspec
I, [2014-02-09T20:30:51.224178 #2116]  INFO -- : 0:  thor (0.18.1) from /home/wadror/.rbenv/versions/2.0.0-p353/lib/ruby/gems/2.0.0/specifications/thor-0.18.1.gemspec
I, [2014-02-09T20:30:51.226433 #2116]  INFO -- : 0:  railties (4.0.2) from /home/wadror/.rbenv/versions/2.0.0-p353/lib/ruby/gems/2.0.0/specifications/railties-4.0.2.gemspec
I, [2014-02-09T20:30:51.227171 #2116]  INFO -- : 0:  coffee-rails (4.0.1) from /home/wadror/.rbenv/versions/2.0.0-p353/lib/ruby/gems/2.0.0/specifications/coffee-rails-4.0.1.gemspec
I, [2014-02-09T20:30:51.227834 #2116]  INFO -- : 0:  hike (1.2.3) from /home/wadror/.rbenv/versions/2.0.0-p353/lib/ruby/gems/2.0.0/specifications/hike-1.2.3.gemspec
I, [2014-02-09T20:30:51.229355 #2116]  INFO -- : 0:  jbuilder (1.5.3) from /home/wadror/.rbenv/versions/2.0.0-p353/lib/ruby/gems/2.0.0/specifications/jbuilder-1.5.3.gemspec
I, [2014-02-09T20:30:51.230048 #2116]  INFO -- : 0:  jquery-rails (3.1.0) from /home/wadror/.rbenv/versions/2.0.0-p353/lib/ruby/gems/2.0.0/specifications/jquery-rails-3.1.0.gemspec
I, [2014-02-09T20:30:51.230770 #2116]  INFO -- : 0:  json (1.8.1) from /home/wadror/.rbenv/versions/2.0.0-p353/lib/ruby/gems/2.0.0/specifications/json-1.8.1.gemspec
I, [2014-02-09T20:30:51.231591 #2116]  INFO -- : 0:  libv8 (3.16.14.3) from /home/wadror/.rbenv/versions/2.0.0-p353/lib/ruby/gems/2.0.0/specifications/libv8-3.16.14.3.gemspec
I, [2014-02-09T20:30:51.232240 #2116]  INFO -- : 0:  pg (0.17.1) from /home/wadror/.rbenv/versions/2.0.0-p353/lib/ruby/gems/2.0.0/specifications/pg-0.17.1.gemspec
I, [2014-02-09T20:30:51.232898 #2116]  INFO -- : 0:  tilt (1.4.1) from /home/wadror/.rbenv/versions/2.0.0-p353/lib/ruby/gems/2.0.0/specifications/tilt-1.4.1.gemspec
I, [2014-02-09T20:30:51.233586 #2116]  INFO -- : 0:  sprockets (2.10.1) from /home/wadror/.rbenv/versions/2.0.0-p353/lib/ruby/gems/2.0.0/specifications/sprockets-2.10.1.gemspec
I, [2014-02-09T20:30:51.234231 #2116]  INFO -- : 0:  sprockets-rails (2.0.1) from /home/wadror/.rbenv/versions/2.0.0-p353/lib/ruby/gems/2.0.0/specifications/sprockets-rails-2.0.1.gemspec
I, [2014-02-09T20:30:51.235014 #2116]  INFO -- : 0:  rails (4.0.2) from /home/wadror/.rbenv/versions/2.0.0-p353/lib/ruby/gems/2.0.0/specifications/rails-4.0.2.gemspec
I, [2014-02-09T20:30:51.235692 #2116]  INFO -- : 0:  rails_serve_static_assets (0.0.2) from /home/wadror/.rbenv/versions/2.0.0-p353/lib/ruby/gems/2.0.0/specifications/rails_serve_static_assets-0.0.2.gemspec
I, [2014-02-09T20:30:51.236319 #2116]  INFO -- : 0:  rails_stdout_logging (0.0.3) from /home/wadror/.rbenv/versions/2.0.0-p353/lib/ruby/gems/2.0.0/specifications/rails_stdout_logging-0.0.3.gemspec
I, [2014-02-09T20:30:51.236988 #2116]  INFO -- : 0:  rails_12factor (0.0.2) from /home/wadror/.rbenv/versions/2.0.0-p353/lib/ruby/gems/2.0.0/specifications/rails_12factor-0.0.2.gemspec
I, [2014-02-09T20:30:51.237623 #2116]  INFO -- : 0:  rdoc (4.1.1) from /home/wadror/.rbenv/versions/2.0.0-p353/lib/ruby/gems/2.0.0/specifications/rdoc-4.1.1.gemspec
I, [2014-02-09T20:30:51.238283 #2116]  INFO -- : 0:  ref (1.0.5) from /home/wadror/.rbenv/versions/2.0.0-p353/lib/ruby/gems/2.0.0/specifications/ref-1.0.5.gemspec
I, [2014-02-09T20:30:51.238910 #2116]  INFO -- : 0:  sass (3.2.14) from /home/wadror/.rbenv/versions/2.0.0-p353/lib/ruby/gems/2.0.0/specifications/sass-3.2.14.gemspec
I, [2014-02-09T20:30:51.239604 #2116]  INFO -- : 0:  sass-rails (4.0.1) from /home/wadror/.rbenv/versions/2.0.0-p353/lib/ruby/gems/2.0.0/specifications/sass-rails-4.0.1.gemspec
I, [2014-02-09T20:30:51.240244 #2116]  INFO -- : 0:  sdoc (0.4.0) from /home/wadror/.rbenv/versions/2.0.0-p353/lib/ruby/gems/2.0.0/specifications/sdoc-0.4.0.gemspec
I, [2014-02-09T20:30:51.240887 #2116]  INFO -- : 0:  sqlite3 (1.3.8) from /home/wadror/.rbenv/versions/2.0.0-p353/lib/ruby/gems/2.0.0/specifications/sqlite3-1.3.8.gemspec
I, [2014-02-09T20:31:07.776048 #2116]  INFO -- : 0:  therubyracer (0.12.1) from /home/wadror/.rbenv/versions/2.0.0-p353/lib/ruby/gems/2.0.0/specifications/therubyracer-0.12.1.gemspec
I, [2014-02-09T20:31:07.778607 #2116]  INFO -- : 0:  turbolinks (2.2.1) from /home/wadror/.rbenv/versions/2.0.0-p353/lib/ruby/gems/2.0.0/specifications/turbolinks-2.2.1.gemspec
I, [2014-02-09T20:31:07.780066 #2116]  INFO -- : 0:  uglifier (2.4.0) from /home/wadror/.rbenv/versions/2.0.0-p353/lib/ruby/gems/2.0.0/specifications/uglifier-2.4.0.gemspec
